graph_generation:               10.689558 s
construction_time:              3.901953 s
Round: 0, state: 0, time: 0.000
Round: 1, state: 0, time: 0.006
Round: 2, state: 1, time: 0.031
Round: 3, state: 1, time: 0.015
Round: 4, state: 1, time: 0.012
Round: 5, state: 1, time: 0.012
Round: 6, state: 1, time: 0.012
asd123www: Running BFS 0
Round: 0, state: 0, time: 0.000
Round: 1, state: 0, time: 0.005
Round: 2, state: 1, time: 0.030
Round: 3, state: 1, time: 0.015
Round: 4, state: 1, time: 0.012
Round: 5, state: 1, time: 0.012
Round: 6, state: 1, time: 0.012
Time for BFS 0 is 0.092411
TEPS for BFS 0 is 1.45236e+09
Validating BFS 0
Validate time for BFS 0 is 4.061453
asd123www: Running BFS 1
Round: 0, state: 0, time: 0.000
Round: 1, state: 0, time: 0.000
Round: 2, state: 0, time: 0.009
Round: 3, state: 1, time: 0.027
Round: 4, state: 1, time: 0.014
Round: 5, state: 1, time: 0.012
Round: 6, state: 1, time: 0.012
Round: 7, state: 1, time: 0.012
Time for BFS 1 is 0.094164
TEPS for BFS 1 is 1.42533e+09
Validating BFS 1
Validate time for BFS 1 is 4.035614
asd123www: Running BFS 2
Round: 0, state: 0, time: 0.000
Round: 1, state: 0, time: 0.000
Round: 2, state: 1, time: 0.036
Round: 3, state: 1, time: 0.020
Round: 4, state: 1, time: 0.012
Round: 5, state: 1, time: 0.012
Round: 6, state: 1, time: 0.011
Time for BFS 2 is 0.097780
TEPS for BFS 2 is 1.37261e+09
Validating BFS 2
Validate time for BFS 2 is 3.830206
asd123www: Running BFS 3
Round: 0, state: 0, time: 0.000
Round: 1, state: 0, time: 0.000
Round: 2, state: 0, time: 0.027
Round: 3, state: 1, time: 0.023
Round: 4, state: 1, time: 0.013
Round: 5, state: 1, time: 0.012
Round: 6, state: 1, time: 0.011
Round: 7, state: 1, time: 0.011
Time for BFS 3 is 0.108377
TEPS for BFS 3 is 1.2384e+09
Validating BFS 3
Validate time for BFS 3 is 3.850084
SCALE:                          23
edgefactor:                     16
NBFS:                           4
graph_generation:               10.6896
num_mpi_processes:              8
construction_time:              3.90195
bfs  min_time:                  0.0924108
bfs  firstquartile_time:        0.0932872
bfs  median_time:               0.0959718
bfs  thirdquartile_time:        0.103078
bfs  max_time:                  0.108377
bfs  mean_time:                 0.0981828
bfs  stddev_time:               0.00715421
min_nedge:                      134213828
firstquartile_nedge:            134213828
median_nedge:                   134213828
thirdquartile_nedge:            134213828
max_nedge:                      134213828
mean_nedge:                     134213828
stddev_nedge:                   0
bfs  min_TEPS:                  1.2384e+09
bfs  firstquartile_TEPS:        1.30206e+09
bfs  median_TEPS:               1.39847e+09
bfs  thirdquartile_TEPS:        1.43872e+09
bfs  max_TEPS:                  1.45236e+09
bfs  harmonic_mean_TEPS:     !  1.36698e+09
bfs  harmonic_stddev_TEPS:      5.75079e+07
bfs  min_validate:              3.83021
bfs  firstquartile_validate:    3.84015
bfs  median_validate:           3.94285
bfs  thirdquartile_validate:    4.04853
bfs  max_validate:              4.06145
bfs  mean_validate:             3.94434
bfs  stddev_validate:           0.121047
