graph_generation:               10.693626 s
construction_time:              3.632756 s
Round: 0, state: 0, time: 0.000
Round: 1, state: 0, time: 0.005
Round: 2, state: 1, time: 0.030
Round: 3, state: 1, time: 0.015
Round: 4, state: 1, time: 0.012
Round: 5, state: 1, time: 0.011
Round: 6, state: 1, time: 0.011
asd123www: Running BFS 0
Round: 0, state: 0, time: 0.000
Round: 1, state: 0, time: 0.005
Round: 2, state: 1, time: 0.030
Round: 3, state: 1, time: 0.015
Round: 4, state: 1, time: 0.012
Round: 5, state: 1, time: 0.012
Round: 6, state: 1, time: 0.011
Time for BFS 0 is 0.090706
TEPS for BFS 0 is 1.47966e+09
Validating BFS 0
Validate time for BFS 0 is 3.808875
asd123www: Running BFS 1
Round: 0, state: 0, time: 0.000
Round: 1, state: 0, time: 0.000
Round: 2, state: 0, time: 0.010
Round: 3, state: 1, time: 0.026
Round: 4, state: 1, time: 0.014
Round: 5, state: 1, time: 0.012
Round: 6, state: 1, time: 0.011
Round: 7, state: 1, time: 0.011
Time for BFS 1 is 0.092759
TEPS for BFS 1 is 1.4469e+09
Validating BFS 1
Validate time for BFS 1 is 4.005870
asd123www: Running BFS 2
Round: 0, state: 0, time: 0.000
Round: 1, state: 0, time: 0.000
Round: 2, state: 1, time: 0.036
Round: 3, state: 1, time: 0.020
Round: 4, state: 1, time: 0.012
Round: 5, state: 1, time: 0.012
Round: 6, state: 1, time: 0.012
Time for BFS 2 is 0.097301
TEPS for BFS 2 is 1.37937e+09
Validating BFS 2
Validate time for BFS 2 is 4.056398
asd123www: Running BFS 3
Round: 0, state: 0, time: 0.000
Round: 1, state: 0, time: 0.000
Round: 2, state: 0, time: 0.028
Round: 3, state: 1, time: 0.024
Round: 4, state: 1, time: 0.013
Round: 5, state: 1, time: 0.013
Round: 6, state: 1, time: 0.012
Round: 7, state: 1, time: 0.012
Time for BFS 3 is 0.112303
TEPS for BFS 3 is 1.19511e+09
Validating BFS 3
Validate time for BFS 3 is 4.038766
SCALE:                          23
edgefactor:                     16
NBFS:                           4
graph_generation:               10.6936
num_mpi_processes:              8
construction_time:              3.63276
bfs  min_time:                  0.0907056
bfs  firstquartile_time:        0.0917325
bfs  median_time:               0.0950302
bfs  thirdquartile_time:        0.104802
bfs  max_time:                  0.112303
bfs  mean_time:                 0.0982671
bfs  stddev_time:               0.00975428
min_nedge:                      134213828
firstquartile_nedge:            134213828
median_nedge:                   134213828
thirdquartile_nedge:            134213828
max_nedge:                      134213828
mean_nedge:                     134213828
stddev_nedge:                   0
bfs  min_TEPS:                  1.19511e+09
bfs  firstquartile_TEPS:        1.28064e+09
bfs  median_TEPS:               1.41233e+09
bfs  thirdquartile_TEPS:        1.4631e+09
bfs  max_TEPS:                  1.47966e+09
bfs  harmonic_mean_TEPS:     !  1.36581e+09
bfs  harmonic_stddev_TEPS:      7.82736e+07
bfs  min_validate:              3.80887
bfs  firstquartile_validate:    3.90737
bfs  median_validate:           4.02232
bfs  thirdquartile_validate:    4.04758
bfs  max_validate:              4.0564
bfs  mean_validate:             3.97748
bfs  stddev_validate:           0.114335
