graph_generation:               10.702040 s
construction_time:              3.860020 s
Round: 0, state: 0, time: 0.000
Round: 1, state: 0, time: 0.006
Round: 2, state: 1, time: 0.030
Round: 3, state: 1, time: 0.016
Round: 4, state: 1, time: 0.012
Round: 5, state: 1, time: 0.013
Round: 6, state: 1, time: 0.012
asd123www: Running BFS 0
Round: 0, state: 0, time: 0.000
Round: 1, state: 0, time: 0.005
Round: 2, state: 1, time: 0.031
Round: 3, state: 1, time: 0.016
Round: 4, state: 1, time: 0.012
Round: 5, state: 1, time: 0.012
Round: 6, state: 1, time: 0.012
Time for BFS 0 is 0.095248
TEPS for BFS 0 is 1.4091e+09
Validating BFS 0
Validate time for BFS 0 is 4.000234
asd123www: Running BFS 1
Round: 0, state: 0, time: 0.000
Round: 1, state: 0, time: 0.000
Round: 2, state: 0, time: 0.011
Round: 3, state: 1, time: 0.027
Round: 4, state: 1, time: 0.014
Round: 5, state: 1, time: 0.012
Round: 6, state: 1, time: 0.012
Round: 7, state: 1, time: 0.013
Time for BFS 1 is 0.098005
TEPS for BFS 1 is 1.36946e+09
Validating BFS 1
Validate time for BFS 1 is 4.029007
asd123www: Running BFS 2
Round: 0, state: 0, time: 0.000
Round: 1, state: 0, time: 0.000
Round: 2, state: 1, time: 0.036
Round: 3, state: 1, time: 0.021
Round: 4, state: 1, time: 0.012
Round: 5, state: 1, time: 0.012
Round: 6, state: 1, time: 0.012
Time for BFS 2 is 0.098616
TEPS for BFS 2 is 1.36098e+09
Validating BFS 2
Validate time for BFS 2 is 3.833541
asd123www: Running BFS 3
Round: 0, state: 0, time: 0.000
Round: 1, state: 0, time: 0.000
Round: 2, state: 0, time: 0.030
Round: 3, state: 1, time: 0.023
Round: 4, state: 1, time: 0.013
Round: 5, state: 1, time: 0.012
Round: 6, state: 1, time: 0.011
Round: 7, state: 1, time: 0.011
Time for BFS 3 is 0.109957
TEPS for BFS 3 is 1.22061e+09
Validating BFS 3
Validate time for BFS 3 is 3.823568
SCALE:                          23
edgefactor:                     16
NBFS:                           4
graph_generation:               10.702
num_mpi_processes:              8
construction_time:              3.86002
bfs  min_time:                  0.095248
bfs  firstquartile_time:        0.0966265
bfs  median_time:               0.0983104
bfs  thirdquartile_time:        0.104286
bfs  max_time:                  0.109957
bfs  mean_time:                 0.100456
bfs  stddev_time:               0.00650081
min_nedge:                      134213828
firstquartile_nedge:            134213828
median_nedge:                   134213828
thirdquartile_nedge:            134213828
max_nedge:                      134213828
mean_nedge:                     134213828
stddev_nedge:                   0
bfs  min_TEPS:                  1.22061e+09
bfs  firstquartile_TEPS:        1.28698e+09
bfs  median_TEPS:               1.36521e+09
bfs  thirdquartile_TEPS:        1.389e+09
bfs  max_TEPS:                  1.4091e+09
bfs  harmonic_mean_TEPS:     !  1.33604e+09
bfs  harmonic_stddev_TEPS:      4.99171e+07
bfs  min_validate:              3.82357
bfs  firstquartile_validate:    3.82855
bfs  median_validate:           3.91689
bfs  thirdquartile_validate:    4.01462
bfs  max_validate:              4.02901
bfs  mean_validate:             3.92159
bfs  stddev_validate:           0.108142
