graph_generation:               10.684678 s
construction_time:              3.503078 s
Round: 0, state: 0, time: 0.000
Round: 1, state: 0, time: 0.005
Round: 2, state: 1, time: 0.030
Round: 3, state: 1, time: 0.015
Round: 4, state: 1, time: 0.012
Round: 5, state: 1, time: 0.011
Round: 6, state: 1, time: 0.011
asd123www: Running BFS 0
Round: 0, state: 0, time: 0.000
Round: 1, state: 0, time: 0.005
Round: 2, state: 1, time: 0.031
Round: 3, state: 1, time: 0.015
Round: 4, state: 1, time: 0.012
Round: 5, state: 1, time: 0.011
Round: 6, state: 1, time: 0.011
Time for BFS 0 is 0.091441
TEPS for BFS 0 is 1.46776e+09
Validating BFS 0
Validate time for BFS 0 is 4.019521
asd123www: Running BFS 1
Round: 0, state: 0, time: 0.000
Round: 1, state: 0, time: 0.000
Round: 2, state: 0, time: 0.009
Round: 3, state: 1, time: 0.027
Round: 4, state: 1, time: 0.014
Round: 5, state: 1, time: 0.012
Round: 6, state: 1, time: 0.012
Round: 7, state: 1, time: 0.012
Time for BFS 1 is 0.094670
TEPS for BFS 1 is 1.4177e+09
Validating BFS 1
Validate time for BFS 1 is 4.040851
asd123www: Running BFS 2
Round: 0, state: 0, time: 0.000
Round: 1, state: 0, time: 0.000
Round: 2, state: 0, time: 0.126
Round: 3, state: 1, time: 0.020
Round: 4, state: 1, time: 0.012
Round: 5, state: 1, time: 0.012
Round: 6, state: 1, time: 0.012
Time for BFS 2 is 0.193991
TEPS for BFS 2 is 6.91854e+08
Validating BFS 2
Validate time for BFS 2 is 4.062937
asd123www: Running BFS 3
Round: 0, state: 0, time: 0.000
Round: 1, state: 0, time: 0.000
Round: 2, state: 0, time: 0.030
Round: 3, state: 1, time: 0.024
Round: 4, state: 1, time: 0.013
Round: 5, state: 1, time: 0.012
Round: 6, state: 1, time: 0.012
Round: 7, state: 1, time: 0.012
Time for BFS 3 is 0.112163
TEPS for BFS 3 is 1.1966e+09
Validating BFS 3
Validate time for BFS 3 is 4.076074
SCALE:                          23
edgefactor:                     16
NBFS:                           4
graph_generation:               10.6847
num_mpi_processes:              8
construction_time:              3.50308
bfs  min_time:                  0.0914412
bfs  firstquartile_time:        0.0930557
bfs  median_time:               0.103417
bfs  thirdquartile_time:        0.153077
bfs  max_time:                  0.193991
bfs  mean_time:                 0.123066
bfs  stddev_time:               0.0481516
min_nedge:                      134213828
firstquartile_nedge:            134213828
median_nedge:                   134213828
thirdquartile_nedge:            134213828
max_nedge:                      134213828
mean_nedge:                     134213828
stddev_nedge:                   0
bfs  min_TEPS:                  6.91854e+08
bfs  firstquartile_TEPS:        8.76773e+08
bfs  median_TEPS:               1.2978e+09
bfs  thirdquartile_TEPS:        1.4423e+09
bfs  max_TEPS:                  1.46776e+09
bfs  harmonic_mean_TEPS:     !  1.09058e+09
bfs  harmonic_stddev_TEPS:      2.46359e+08
bfs  min_validate:              4.01952
bfs  firstquartile_validate:    4.03019
bfs  median_validate:           4.05189
bfs  thirdquartile_validate:    4.06951
bfs  max_validate:              4.07607
bfs  mean_validate:             4.04985
bfs  stddev_validate:           0.0248983
