graph_generation:               10.704613 s
construction_time:              3.939618 s
Round: 0, state: 0, time: 0.000
Round: 1, state: 0, time: 0.005
Round: 2, state: 1, time: 0.030
Round: 3, state: 1, time: 0.015
Round: 4, state: 1, time: 0.012
Round: 5, state: 1, time: 0.012
Round: 6, state: 1, time: 0.012
asd123www: Running BFS 0
Round: 0, state: 0, time: 0.000
Round: 1, state: 0, time: 0.005
Round: 2, state: 1, time: 0.030
Round: 3, state: 1, time: 0.015
Round: 4, state: 1, time: 0.013
Round: 5, state: 1, time: 0.011
Round: 6, state: 1, time: 0.012
Time for BFS 0 is 0.093948
TEPS for BFS 0 is 1.4286e+09
Validating BFS 0
Validate time for BFS 0 is 4.029847
asd123www: Running BFS 1
Round: 0, state: 0, time: 0.000
Round: 1, state: 0, time: 0.000
Round: 2, state: 0, time: 0.010
Round: 3, state: 1, time: 0.027
Round: 4, state: 1, time: 0.015
Round: 5, state: 1, time: 0.012
Round: 6, state: 1, time: 0.011
Round: 7, state: 1, time: 0.012
Time for BFS 1 is 0.095072
TEPS for BFS 1 is 1.4117e+09
Validating BFS 1
Validate time for BFS 1 is 4.055488
asd123www: Running BFS 2
Round: 0, state: 0, time: 0.000
Round: 1, state: 0, time: 0.000
Round: 2, state: 1, time: 0.036
Round: 3, state: 1, time: 0.021
Round: 4, state: 1, time: 0.012
Round: 5, state: 1, time: 0.012
Round: 6, state: 1, time: 0.012
Time for BFS 2 is 0.098631
TEPS for BFS 2 is 1.36077e+09
Validating BFS 2
Validate time for BFS 2 is 3.837667
asd123www: Running BFS 3
Round: 0, state: 0, time: 0.000
Round: 1, state: 0, time: 0.000
Round: 2, state: 0, time: 0.026
Round: 3, state: 1, time: 0.023
Round: 4, state: 1, time: 0.013
Round: 5, state: 1, time: 0.012
Round: 6, state: 1, time: 0.011
Round: 7, state: 1, time: 0.011
Time for BFS 3 is 0.106410
TEPS for BFS 3 is 1.26129e+09
Validating BFS 3
Validate time for BFS 3 is 3.840767
SCALE:                          23
edgefactor:                     16
NBFS:                           4
graph_generation:               10.7046
num_mpi_processes:              8
construction_time:              3.93962
bfs  min_time:                  0.0939476
bfs  firstquartile_time:        0.09451
bfs  median_time:               0.0968516
bfs  thirdquartile_time:        0.10252
bfs  max_time:                  0.10641
bfs  mean_time:                 0.0985152
bfs  stddev_time:               0.00562892
min_nedge:                      134213828
firstquartile_nedge:            134213828
median_nedge:                   134213828
thirdquartile_nedge:            134213828
max_nedge:                      134213828
mean_nedge:                     134213828
stddev_nedge:                   0
bfs  min_TEPS:                  1.26129e+09
bfs  firstquartile_TEPS:        1.30914e+09
bfs  median_TEPS:               1.38577e+09
bfs  thirdquartile_TEPS:        1.4201e+09
bfs  max_TEPS:                  1.4286e+09
bfs  harmonic_mean_TEPS:     !  1.36237e+09
bfs  harmonic_stddev_TEPS:      4.49423e+07
bfs  min_validate:              3.83767
bfs  firstquartile_validate:    3.83922
bfs  median_validate:           3.93531
bfs  thirdquartile_validate:    4.04267
bfs  max_validate:              4.05549
bfs  mean_validate:             3.94094
bfs  stddev_validate:           0.117935
