graph_generation:               10.701884 s
construction_time:              3.943186 s
Round: 0, state: 0, time: 0.000
Round: 1, state: 0, time: 0.005
Round: 2, state: 1, time: 0.031
Round: 3, state: 1, time: 0.016
Round: 4, state: 1, time: 0.012
Round: 5, state: 1, time: 0.012
Round: 6, state: 1, time: 0.012
asd123www: Running BFS 0
Round: 0, state: 0, time: 0.000
Round: 1, state: 0, time: 0.006
Round: 2, state: 1, time: 0.031
Round: 3, state: 1, time: 0.015
Round: 4, state: 1, time: 0.012
Round: 5, state: 1, time: 0.012
Round: 6, state: 1, time: 0.012
Time for BFS 0 is 0.093512
TEPS for BFS 0 is 1.43525e+09
Validating BFS 0
Validate time for BFS 0 is 4.037123
asd123www: Running BFS 1
Round: 0, state: 0, time: 0.000
Round: 1, state: 0, time: 0.000
Round: 2, state: 0, time: 0.010
Round: 3, state: 1, time: 0.027
Round: 4, state: 1, time: 0.014
Round: 5, state: 1, time: 0.012
Round: 6, state: 1, time: 0.012
Round: 7, state: 1, time: 0.012
Time for BFS 1 is 0.096310
TEPS for BFS 1 is 1.39356e+09
Validating BFS 1
Validate time for BFS 1 is 3.843390
asd123www: Running BFS 2
Round: 0, state: 0, time: 0.000
Round: 1, state: 0, time: 0.000
Round: 2, state: 1, time: 0.035
Round: 3, state: 1, time: 0.020
Round: 4, state: 1, time: 0.012
Round: 5, state: 1, time: 0.012
Round: 6, state: 1, time: 0.011
Time for BFS 2 is 0.096276
TEPS for BFS 2 is 1.39405e+09
Validating BFS 2
Validate time for BFS 2 is 3.866234
asd123www: Running BFS 3
Round: 0, state: 0, time: 0.000
Round: 1, state: 0, time: 0.000
Round: 2, state: 0, time: 0.025
Round: 3, state: 1, time: 0.024
Round: 4, state: 1, time: 0.013
Round: 5, state: 1, time: 0.012
Round: 6, state: 1, time: 0.011
Round: 7, state: 1, time: 0.011
Time for BFS 3 is 0.106337
TEPS for BFS 3 is 1.26216e+09
Validating BFS 3
Validate time for BFS 3 is 3.851603
SCALE:                          23
edgefactor:                     16
NBFS:                           4
graph_generation:               10.7019
num_mpi_processes:              8
construction_time:              3.94319
bfs  min_time:                  0.0935123
bfs  firstquartile_time:        0.0948942
bfs  median_time:               0.096293
bfs  thirdquartile_time:        0.101323
bfs  max_time:                  0.106337
bfs  mean_time:                 0.0981087
bfs  stddev_time:               0.00563972
min_nedge:                      134213828
firstquartile_nedge:            134213828
median_nedge:                   134213828
thirdquartile_nedge:            134213828
max_nedge:                      134213828
mean_nedge:                     134213828
stddev_nedge:                   0
bfs  min_TEPS:                  1.26216e+09
bfs  firstquartile_TEPS:        1.32461e+09
bfs  median_TEPS:               1.39381e+09
bfs  thirdquartile_TEPS:        1.41435e+09
bfs  max_TEPS:                  1.43525e+09
bfs  harmonic_mean_TEPS:     !  1.36801e+09
bfs  harmonic_stddev_TEPS:      4.54025e+07
bfs  min_validate:              3.84339
bfs  firstquartile_validate:    3.8475
bfs  median_validate:           3.85892
bfs  thirdquartile_validate:    3.95168
bfs  max_validate:              4.03712
bfs  mean_validate:             3.89959
bfs  stddev_validate:           0.0921758
