graph_generation:               10.685950 s
construction_time:              3.628061 s
Round: 0, state: 0, time: 0.000
Round: 1, state: 0, time: 0.005
Round: 2, state: 1, time: 0.030
Round: 3, state: 1, time: 0.015
Round: 4, state: 1, time: 0.012
Round: 5, state: 1, time: 0.011
Round: 6, state: 1, time: 0.011
asd123www: Running BFS 0
Round: 0, state: 0, time: 0.000
Round: 1, state: 0, time: 0.005
Round: 2, state: 1, time: 0.030
Round: 3, state: 1, time: 0.015
Round: 4, state: 1, time: 0.012
Round: 5, state: 1, time: 0.012
Round: 6, state: 1, time: 0.011
Time for BFS 0 is 0.090761
TEPS for BFS 0 is 1.47875e+09
Validating BFS 0
Validate time for BFS 0 is 3.919404
asd123www: Running BFS 1
Round: 0, state: 0, time: 0.000
Round: 1, state: 0, time: 0.000
Round: 2, state: 0, time: 0.010
Round: 3, state: 1, time: 0.027
Round: 4, state: 1, time: 0.014
Round: 5, state: 1, time: 0.012
Round: 6, state: 1, time: 0.012
Round: 7, state: 1, time: 0.012
Time for BFS 1 is 0.094991
TEPS for BFS 1 is 1.4129e+09
Validating BFS 1
Validate time for BFS 1 is 3.975303
asd123www: Running BFS 2
Round: 0, state: 0, time: 0.000
Round: 1, state: 0, time: 0.000
Round: 2, state: 1, time: 0.036
Round: 3, state: 1, time: 0.020
Round: 4, state: 1, time: 0.012
Round: 5, state: 1, time: 0.012
Round: 6, state: 1, time: 0.012
Time for BFS 2 is 0.097777
TEPS for BFS 2 is 1.37266e+09
Validating BFS 2
Validate time for BFS 2 is 4.016666
asd123www: Running BFS 3
Round: 0, state: 0, time: 0.000
Round: 1, state: 0, time: 0.000
Round: 2, state: 0, time: 0.029
Round: 3, state: 1, time: 0.024
Round: 4, state: 1, time: 0.013
Round: 5, state: 1, time: 0.012
Round: 6, state: 1, time: 0.012
Round: 7, state: 1, time: 0.012
Time for BFS 3 is 0.112606
TEPS for BFS 3 is 1.19189e+09
Validating BFS 3
Validate time for BFS 3 is 4.008311
SCALE:                          23
edgefactor:                     16
NBFS:                           4
graph_generation:               10.6859
num_mpi_processes:              8
construction_time:              3.62806
bfs  min_time:                  0.0907614
bfs  firstquartile_time:        0.0928764
bfs  median_time:               0.096384
bfs  thirdquartile_time:        0.105191
bfs  max_time:                  0.112606
bfs  mean_time:                 0.0990339
bfs  stddev_time:               0.00949665
min_nedge:                      134213828
firstquartile_nedge:            134213828
median_nedge:                   134213828
thirdquartile_nedge:            134213828
max_nedge:                      134213828
mean_nedge:                     134213828
stddev_nedge:                   0
bfs  min_TEPS:                  1.19189e+09
bfs  firstquartile_TEPS:        1.2759e+09
bfs  median_TEPS:               1.39249e+09
bfs  thirdquartile_TEPS:        1.44508e+09
bfs  max_TEPS:                  1.47875e+09
bfs  harmonic_mean_TEPS:     !  1.35523e+09
bfs  harmonic_stddev_TEPS:      7.50308e+07
bfs  min_validate:              3.9194
bfs  firstquartile_validate:    3.94735
bfs  median_validate:           3.99181
bfs  thirdquartile_validate:    4.01249
bfs  max_validate:              4.01667
bfs  mean_validate:             3.97992
bfs  stddev_validate:           0.0441203
