graph_generation:               10.686582 s
construction_time:              3.620624 s
Round: 0, state: 0, time: 0.000
Round: 1, state: 0, time: 0.005
Round: 2, state: 1, time: 0.030
Round: 3, state: 1, time: 0.015
Round: 4, state: 1, time: 0.012
Round: 5, state: 1, time: 0.012
Round: 6, state: 1, time: 0.011
asd123www: Running BFS 0
Round: 0, state: 0, time: 0.000
Round: 1, state: 0, time: 0.005
Round: 2, state: 1, time: 0.030
Round: 3, state: 1, time: 0.015
Round: 4, state: 1, time: 0.012
Round: 5, state: 1, time: 0.012
Round: 6, state: 1, time: 0.011
Time for BFS 0 is 0.090794
TEPS for BFS 0 is 1.47822e+09
Validating BFS 0
Validate time for BFS 0 is 3.944057
asd123www: Running BFS 1
Round: 0, state: 0, time: 0.000
Round: 1, state: 0, time: 0.000
Round: 2, state: 0, time: 0.010
Round: 3, state: 1, time: 0.027
Round: 4, state: 1, time: 0.014
Round: 5, state: 1, time: 0.012
Round: 6, state: 1, time: 0.012
Round: 7, state: 1, time: 0.012
Time for BFS 1 is 0.095080
TEPS for BFS 1 is 1.41159e+09
Validating BFS 1
Validate time for BFS 1 is 4.023242
asd123www: Running BFS 2
Round: 0, state: 0, time: 0.000
Round: 1, state: 0, time: 0.000
Round: 2, state: 1, time: 0.036
Round: 3, state: 1, time: 0.020
Round: 4, state: 1, time: 0.012
Round: 5, state: 1, time: 0.012
Round: 6, state: 1, time: 0.012
Time for BFS 2 is 0.098037
TEPS for BFS 2 is 1.36901e+09
Validating BFS 2
Validate time for BFS 2 is 4.033735
asd123www: Running BFS 3
Round: 0, state: 0, time: 0.000
Round: 1, state: 0, time: 0.000
Round: 2, state: 0, time: 0.029
Round: 3, state: 1, time: 0.024
Round: 4, state: 1, time: 0.013
Round: 5, state: 1, time: 0.012
Round: 6, state: 1, time: 0.012
Round: 7, state: 1, time: 0.011
Time for BFS 3 is 0.112298
TEPS for BFS 3 is 1.19516e+09
Validating BFS 3
Validate time for BFS 3 is 4.048675
SCALE:                          23
edgefactor:                     16
NBFS:                           4
graph_generation:               10.6866
num_mpi_processes:              8
construction_time:              3.62062
bfs  min_time:                  0.0907943
bfs  firstquartile_time:        0.0929372
bfs  median_time:               0.0965586
bfs  thirdquartile_time:        0.105168
bfs  max_time:                  0.112298
bfs  mean_time:                 0.0990524
bfs  stddev_time:               0.00931769
min_nedge:                      134213828
firstquartile_nedge:            134213828
median_nedge:                   134213828
thirdquartile_nedge:            134213828
max_nedge:                      134213828
mean_nedge:                     134213828
stddev_nedge:                   0
bfs  min_TEPS:                  1.19516e+09
bfs  firstquartile_TEPS:        1.27619e+09
bfs  median_TEPS:               1.38997e+09
bfs  thirdquartile_TEPS:        1.44413e+09
bfs  max_TEPS:                  1.47822e+09
bfs  harmonic_mean_TEPS:     !  1.35498e+09
bfs  harmonic_stddev_TEPS:      7.35893e+07
bfs  min_validate:              3.94406
bfs  firstquartile_validate:    3.98365
bfs  median_validate:           4.02849
bfs  thirdquartile_validate:    4.0412
bfs  max_validate:              4.04867
bfs  mean_validate:             4.01243
bfs  stddev_validate:           0.0467594
