graph_generation:               10.691687 s
construction_time:              3.523997 s
Round: 0, state: 0, time: 0.000
Round: 1, state: 0, time: 0.005
Round: 2, state: 1, time: 0.030
Round: 3, state: 1, time: 0.015
Round: 4, state: 1, time: 0.011
Round: 5, state: 1, time: 0.011
Round: 6, state: 1, time: 0.011
asd123www: Running BFS 0
Round: 0, state: 0, time: 0.000
Round: 1, state: 0, time: 0.005
Round: 2, state: 1, time: 0.031
Round: 3, state: 1, time: 0.015
Round: 4, state: 1, time: 0.012
Round: 5, state: 1, time: 0.011
Round: 6, state: 1, time: 0.011
Time for BFS 0 is 0.091653
TEPS for BFS 0 is 1.46436e+09
Validating BFS 0
Validate time for BFS 0 is 4.018742
asd123www: Running BFS 1
Round: 0, state: 0, time: 0.000
Round: 1, state: 0, time: 0.000
Round: 2, state: 0, time: 0.009
Round: 3, state: 1, time: 0.027
Round: 4, state: 1, time: 0.014
Round: 5, state: 1, time: 0.012
Round: 6, state: 1, time: 0.012
Round: 7, state: 1, time: 0.012
Time for BFS 1 is 0.094337
TEPS for BFS 1 is 1.42271e+09
Validating BFS 1
Validate time for BFS 1 is 4.048141
asd123www: Running BFS 2
Round: 0, state: 0, time: 0.000
Round: 1, state: 0, time: 0.000
Round: 2, state: 1, time: 0.037
Round: 3, state: 1, time: 0.021
Round: 4, state: 1, time: 0.012
Round: 5, state: 1, time: 0.012
Round: 6, state: 1, time: 0.012
Time for BFS 2 is 0.098886
TEPS for BFS 2 is 1.35726e+09
Validating BFS 2
Validate time for BFS 2 is 4.077766
asd123www: Running BFS 3
Round: 0, state: 0, time: 0.000
Round: 1, state: 0, time: 0.000
Round: 2, state: 0, time: 0.031
Round: 3, state: 1, time: 0.024
Round: 4, state: 1, time: 0.013
Round: 5, state: 1, time: 0.012
Round: 6, state: 1, time: 0.011
Round: 7, state: 1, time: 0.011
Time for BFS 3 is 0.113166
TEPS for BFS 3 is 1.18599e+09
Validating BFS 3
Validate time for BFS 3 is 4.085403
SCALE:                          23
edgefactor:                     16
NBFS:                           4
graph_generation:               10.6917
num_mpi_processes:              8
construction_time:              3.524
bfs  min_time:                  0.0916533
bfs  firstquartile_time:        0.0929949
bfs  median_time:               0.0966111
bfs  thirdquartile_time:        0.106026
bfs  max_time:                  0.113166
bfs  mean_time:                 0.0995104
bfs  stddev_time:               0.00958061
min_nedge:                      134213828
firstquartile_nedge:            134213828
median_nedge:                   134213828
thirdquartile_nedge:            134213828
max_nedge:                      134213828
mean_nedge:                     134213828
stddev_nedge:                   0
bfs  min_TEPS:                  1.18599e+09
bfs  firstquartile_TEPS:        1.26586e+09
bfs  median_TEPS:               1.38922e+09
bfs  thirdquartile_TEPS:        1.44324e+09
bfs  max_TEPS:                  1.46436e+09
bfs  harmonic_mean_TEPS:     !  1.34874e+09
bfs  harmonic_stddev_TEPS:      7.49709e+07
bfs  min_validate:              4.01874
bfs  firstquartile_validate:    4.03344
bfs  median_validate:           4.06295
bfs  thirdquartile_validate:    4.08158
bfs  max_validate:              4.0854
bfs  mean_validate:             4.05751
bfs  stddev_validate:           0.030436
