graph_generation:               10.714852 s
construction_time:              3.889269 s
Round: 0, state: 0, time: 0.000
Round: 1, state: 0, time: 0.006
Round: 2, state: 1, time: 0.031
Round: 3, state: 1, time: 0.015
Round: 4, state: 1, time: 0.012
Round: 5, state: 1, time: 0.012
Round: 6, state: 1, time: 0.012
asd123www: Running BFS 0
Round: 0, state: 0, time: 0.000
Round: 1, state: 0, time: 0.005
Round: 2, state: 1, time: 0.031
Round: 3, state: 1, time: 0.016
Round: 4, state: 1, time: 0.012
Round: 5, state: 1, time: 0.012
Round: 6, state: 1, time: 0.012
Time for BFS 0 is 0.093715
TEPS for BFS 0 is 1.43215e+09
Validating BFS 0
Validate time for BFS 0 is 3.966960
asd123www: Running BFS 1
Round: 0, state: 0, time: 0.000
Round: 1, state: 0, time: 0.000
Round: 2, state: 0, time: 0.011
Round: 3, state: 1, time: 0.027
Round: 4, state: 1, time: 0.014
Round: 5, state: 1, time: 0.012
Round: 6, state: 1, time: 0.012
Round: 7, state: 1, time: 0.012
Time for BFS 1 is 0.097231
TEPS for BFS 1 is 1.38035e+09
Validating BFS 1
Validate time for BFS 1 is 3.780645
asd123www: Running BFS 2
Round: 0, state: 0, time: 0.000
Round: 1, state: 0, time: 0.000
Round: 2, state: 1, time: 0.035
Round: 3, state: 1, time: 0.020
Round: 4, state: 1, time: 0.012
Round: 5, state: 1, time: 0.012
Round: 6, state: 1, time: 0.011
Time for BFS 2 is 0.095879
TEPS for BFS 2 is 1.39983e+09
Validating BFS 2
Validate time for BFS 2 is 3.784652
asd123www: Running BFS 3
Round: 0, state: 0, time: 0.000
Round: 1, state: 0, time: 0.000
Round: 2, state: 0, time: 0.027
Round: 3, state: 1, time: 0.024
Round: 4, state: 1, time: 0.013
Round: 5, state: 1, time: 0.011
Round: 6, state: 1, time: 0.011
Round: 7, state: 1, time: 0.011
Time for BFS 3 is 0.108235
TEPS for BFS 3 is 1.24002e+09
Validating BFS 3
Validate time for BFS 3 is 3.799567
SCALE:                          23
edgefactor:                     16
NBFS:                           4
graph_generation:               10.7149
num_mpi_processes:              8
construction_time:              3.88927
bfs  min_time:                  0.093715
bfs  firstquartile_time:        0.0947968
bfs  median_time:               0.096555
bfs  thirdquartile_time:        0.102733
bfs  max_time:                  0.108235
bfs  mean_time:                 0.098765
bfs  stddev_time:               0.00647738
min_nedge:                      134213828
firstquartile_nedge:            134213828
median_nedge:                   134213828
thirdquartile_nedge:            134213828
max_nedge:                      134213828
mean_nedge:                     134213828
stddev_nedge:                   0
bfs  min_TEPS:                  1.24002e+09
bfs  firstquartile_TEPS:        1.30643e+09
bfs  median_TEPS:               1.39002e+09
bfs  thirdquartile_TEPS:        1.41581e+09
bfs  max_TEPS:                  1.43215e+09
bfs  harmonic_mean_TEPS:     !  1.35892e+09
bfs  harmonic_stddev_TEPS:      5.14553e+07
bfs  min_validate:              3.78065
bfs  firstquartile_validate:    3.78265
bfs  median_validate:           3.79211
bfs  thirdquartile_validate:    3.88326
bfs  max_validate:              3.96696
bfs  mean_validate:             3.83296
bfs  stddev_validate:           0.089706
