graph_generation:               10.707655 s
construction_time:              3.917441 s
Round: 0, state: 0, time: 0.000
Round: 1, state: 0, time: 0.005
Round: 2, state: 1, time: 0.030
Round: 3, state: 1, time: 0.015
Round: 4, state: 1, time: 0.012
Round: 5, state: 1, time: 0.012
Round: 6, state: 1, time: 0.012
asd123www: Running BFS 0
Round: 0, state: 0, time: 0.000
Round: 1, state: 0, time: 0.006
Round: 2, state: 1, time: 0.031
Round: 3, state: 1, time: 0.015
Round: 4, state: 1, time: 0.012
Round: 5, state: 1, time: 0.012
Round: 6, state: 1, time: 0.011
Time for BFS 0 is 0.093289
TEPS for BFS 0 is 1.43869e+09
Validating BFS 0
Validate time for BFS 0 is 3.998240
asd123www: Running BFS 1
Round: 0, state: 0, time: 0.000
Round: 1, state: 0, time: 0.000
Round: 2, state: 0, time: 0.009
Round: 3, state: 1, time: 0.027
Round: 4, state: 1, time: 0.014
Round: 5, state: 1, time: 0.012
Round: 6, state: 1, time: 0.012
Round: 7, state: 1, time: 0.012
Time for BFS 1 is 0.094877
TEPS for BFS 1 is 1.41461e+09
Validating BFS 1
Validate time for BFS 1 is 3.976652
asd123www: Running BFS 2
Round: 0, state: 0, time: 0.000
Round: 1, state: 0, time: 0.000
Round: 2, state: 1, time: 0.035
Round: 3, state: 1, time: 0.020
Round: 4, state: 1, time: 0.012
Round: 5, state: 1, time: 0.012
Round: 6, state: 1, time: 0.011
Time for BFS 2 is 0.095966
TEPS for BFS 2 is 1.39856e+09
Validating BFS 2
Validate time for BFS 2 is 3.803058
asd123www: Running BFS 3
Round: 0, state: 0, time: 0.000
Round: 1, state: 0, time: 0.000
Round: 2, state: 0, time: 0.027
Round: 3, state: 1, time: 0.023
Round: 4, state: 1, time: 0.013
Round: 5, state: 1, time: 0.011
Round: 6, state: 1, time: 0.011
Round: 7, state: 1, time: 0.011
Time for BFS 3 is 0.107208
TEPS for BFS 3 is 1.2519e+09
Validating BFS 3
Validate time for BFS 3 is 3.799141
SCALE:                          23
edgefactor:                     16
NBFS:                           4
graph_generation:               10.7077
num_mpi_processes:              8
construction_time:              3.91744
bfs  min_time:                  0.0932887
bfs  firstquartile_time:        0.0940828
bfs  median_time:               0.0954213
bfs  thirdquartile_time:        0.101587
bfs  max_time:                  0.107208
bfs  mean_time:                 0.0978348
bfs  stddev_time:               0.00634473
min_nedge:                      134213828
firstquartile_nedge:            134213828
median_nedge:                   134213828
thirdquartile_nedge:            134213828
max_nedge:                      134213828
mean_nedge:                     134213828
stddev_nedge:                   0
bfs  min_TEPS:                  1.2519e+09
bfs  firstquartile_TEPS:        1.32117e+09
bfs  median_TEPS:               1.40654e+09
bfs  thirdquartile_TEPS:        1.42655e+09
bfs  max_TEPS:                  1.43869e+09
bfs  harmonic_mean_TEPS:     !  1.37184e+09
bfs  harmonic_stddev_TEPS:      5.13645e+07
bfs  min_validate:              3.79914
bfs  firstquartile_validate:    3.8011
bfs  median_validate:           3.88986
bfs  thirdquartile_validate:    3.98745
bfs  max_validate:              3.99824
bfs  mean_validate:             3.89427
bfs  stddev_validate:           0.10796
