graph_generation:               10.693004 s
construction_time:              3.654843 s
Round: 0, state: 0, time: 0.000
Round: 1, state: 0, time: 0.005
Round: 2, state: 1, time: 0.031
Round: 3, state: 1, time: 0.017
Round: 4, state: 1, time: 0.012
Round: 5, state: 1, time: 0.011
Round: 6, state: 1, time: 0.011
asd123www: Running BFS 0
Round: 0, state: 0, time: 0.000
Round: 1, state: 0, time: 0.005
Round: 2, state: 1, time: 0.031
Round: 3, state: 1, time: 0.017
Round: 4, state: 1, time: 0.012
Round: 5, state: 1, time: 0.011
Round: 6, state: 1, time: 0.011
Time for BFS 0 is 0.093608
TEPS for BFS 0 is 1.43378e+09
Validating BFS 0
Validate time for BFS 0 is 3.965014
asd123www: Running BFS 1
Round: 0, state: 0, time: 0.000
Round: 1, state: 0, time: 0.000
Round: 2, state: 0, time: 0.009
Round: 3, state: 1, time: 0.027
Round: 4, state: 1, time: 0.015
Round: 5, state: 1, time: 0.012
Round: 6, state: 1, time: 0.011
Round: 7, state: 1, time: 0.011
Time for BFS 1 is 0.093849
TEPS for BFS 1 is 1.4301e+09
Validating BFS 1
Validate time for BFS 1 is 3.886195
asd123www: Running BFS 2
Round: 0, state: 0, time: 0.000
Round: 1, state: 0, time: 0.000
Round: 2, state: 1, time: 0.036
Round: 3, state: 1, time: 0.022
Round: 4, state: 1, time: 0.012
Round: 5, state: 1, time: 0.012
Round: 6, state: 1, time: 0.011
Time for BFS 2 is 0.098639
TEPS for BFS 2 is 1.36065e+09
Validating BFS 2
Validate time for BFS 2 is 3.922084
asd123www: Running BFS 3
Round: 0, state: 0, time: 0.000
Round: 1, state: 0, time: 0.000
Round: 2, state: 0, time: 0.029
Round: 3, state: 1, time: 0.025
Round: 4, state: 1, time: 0.013
Round: 5, state: 1, time: 0.012
Round: 6, state: 1, time: 0.012
Round: 7, state: 1, time: 0.012
Time for BFS 3 is 0.112720
TEPS for BFS 3 is 1.19068e+09
Validating BFS 3
Validate time for BFS 3 is 4.088984
SCALE:                          23
edgefactor:                     16
NBFS:                           4
graph_generation:               10.693
num_mpi_processes:              8
construction_time:              3.65484
bfs  min_time:                  0.0936081
bfs  firstquartile_time:        0.0937288
bfs  median_time:               0.0962445
bfs  thirdquartile_time:        0.10568
bfs  max_time:                  0.11272
bfs  mean_time:                 0.0997043
bfs  stddev_time:               0.00898131
min_nedge:                      134213828
firstquartile_nedge:            134213828
median_nedge:                   134213828
thirdquartile_nedge:            134213828
max_nedge:                      134213828
mean_nedge:                     134213828
stddev_nedge:                   0
bfs  min_TEPS:                  1.19068e+09
bfs  firstquartile_TEPS:        1.27e+09
bfs  median_TEPS:               1.39451e+09
bfs  thirdquartile_TEPS:        1.43194e+09
bfs  max_TEPS:                  1.43378e+09
bfs  harmonic_mean_TEPS:     !  1.34612e+09
bfs  harmonic_stddev_TEPS:      7.00081e+07
bfs  min_validate:              3.88619
bfs  firstquartile_validate:    3.90414
bfs  median_validate:           3.94355
bfs  thirdquartile_validate:    4.027
bfs  max_validate:              4.08898
bfs  mean_validate:             3.96557
bfs  stddev_validate:           0.0883607
