graph_generation:               10.698337 s
construction_time:              3.822897 s
Round: 0, state: 0, time: 0.000
Round: 1, state: 0, time: 0.006
Round: 2, state: 1, time: 0.030
Round: 3, state: 1, time: 0.015
Round: 4, state: 1, time: 0.012
Round: 5, state: 1, time: 0.011
Round: 6, state: 1, time: 0.011
asd123www: Running BFS 0
Round: 0, state: 0, time: 0.000
Round: 1, state: 0, time: 0.005
Round: 2, state: 1, time: 0.031
Round: 3, state: 1, time: 0.016
Round: 4, state: 1, time: 0.012
Round: 5, state: 1, time: 0.012
Round: 6, state: 1, time: 0.012
Time for BFS 0 is 0.093332
TEPS for BFS 0 is 1.43803e+09
Validating BFS 0
Validate time for BFS 0 is 4.027131
asd123www: Running BFS 1
Round: 0, state: 0, time: 0.000
Round: 1, state: 0, time: 0.000
Round: 2, state: 0, time: 0.011
Round: 3, state: 1, time: 0.027
Round: 4, state: 1, time: 0.014
Round: 5, state: 1, time: 0.012
Round: 6, state: 1, time: 0.012
Round: 7, state: 1, time: 0.011
Time for BFS 1 is 0.095870
TEPS for BFS 1 is 1.39996e+09
Validating BFS 1
Validate time for BFS 1 is 4.050009
asd123www: Running BFS 2
Round: 0, state: 0, time: 0.000
Round: 1, state: 0, time: 0.000
Round: 2, state: 0, time: 0.128
Round: 3, state: 1, time: 0.021
Round: 4, state: 1, time: 0.012
Round: 5, state: 1, time: 0.012
Round: 6, state: 1, time: 0.012
Time for BFS 2 is 0.197571
TEPS for BFS 2 is 6.79319e+08
Validating BFS 2
Validate time for BFS 2 is 3.861293
asd123www: Running BFS 3
Round: 0, state: 0, time: 0.000
Round: 1, state: 0, time: 0.000
Round: 2, state: 0, time: 0.027
Round: 3, state: 1, time: 0.024
Round: 4, state: 1, time: 0.013
Round: 5, state: 1, time: 0.012
Round: 6, state: 1, time: 0.011
Round: 7, state: 1, time: 0.011
Time for BFS 3 is 0.108705
TEPS for BFS 3 is 1.23466e+09
Validating BFS 3
Validate time for BFS 3 is 3.884057
SCALE:                          23
edgefactor:                     16
NBFS:                           4
graph_generation:               10.6983
num_mpi_processes:              8
construction_time:              3.8229
bfs  min_time:                  0.0933321
bfs  firstquartile_time:        0.094601
bfs  median_time:               0.102288
bfs  thirdquartile_time:        0.153138
bfs  max_time:                  0.197571
bfs  mean_time:                 0.12387
bfs  stddev_time:               0.0495931
min_nedge:                      134213828
firstquartile_nedge:            134213828
median_nedge:                   134213828
thirdquartile_nedge:            134213828
max_nedge:                      134213828
mean_nedge:                     134213828
stddev_nedge:                   0
bfs  min_TEPS:                  6.79319e+08
bfs  firstquartile_TEPS:        8.76422e+08
bfs  median_TEPS:               1.31212e+09
bfs  thirdquartile_TEPS:        1.41874e+09
bfs  max_TEPS:                  1.43803e+09
bfs  harmonic_mean_TEPS:     !  1.08351e+09
bfs  harmonic_stddev_TEPS:      2.50454e+08
bfs  min_validate:              3.86129
bfs  firstquartile_validate:    3.87267
bfs  median_validate:           3.95559
bfs  thirdquartile_validate:    4.03857
bfs  max_validate:              4.05001
bfs  mean_validate:             3.95562
bfs  stddev_validate:           0.0966815
