graph_generation:               10.702385 s
construction_time:              3.903050 s
Round: 0, state: 0, time: 0.000
Round: 1, state: 0, time: 0.005
Round: 2, state: 1, time: 0.031
Round: 3, state: 1, time: 0.015
Round: 4, state: 1, time: 0.012
Round: 5, state: 1, time: 0.012
Round: 6, state: 1, time: 0.012
asd123www: Running BFS 0
Round: 0, state: 0, time: 0.000
Round: 1, state: 0, time: 0.005
Round: 2, state: 1, time: 0.031
Round: 3, state: 1, time: 0.016
Round: 4, state: 1, time: 0.012
Round: 5, state: 1, time: 0.012
Round: 6, state: 1, time: 0.012
Time for BFS 0 is 0.094121
TEPS for BFS 0 is 1.42597e+09
Validating BFS 0
Validate time for BFS 0 is 4.001346
asd123www: Running BFS 1
Round: 0, state: 0, time: 0.000
Round: 1, state: 0, time: 0.000
Round: 2, state: 0, time: 0.009
Round: 3, state: 1, time: 0.027
Round: 4, state: 1, time: 0.014
Round: 5, state: 1, time: 0.012
Round: 6, state: 1, time: 0.012
Round: 7, state: 1, time: 0.012
Time for BFS 1 is 0.097040
TEPS for BFS 1 is 1.38307e+09
Validating BFS 1
Validate time for BFS 1 is 3.965263
asd123www: Running BFS 2
Round: 0, state: 0, time: 0.000
Round: 1, state: 0, time: 0.000
Round: 2, state: 0, time: 0.121
Round: 3, state: 1, time: 0.020
Round: 4, state: 1, time: 0.012
Round: 5, state: 1, time: 0.011
Round: 6, state: 1, time: 0.011
Time for BFS 2 is 0.187467
TEPS for BFS 2 is 7.15932e+08
Validating BFS 2
Validate time for BFS 2 is 3.823063
asd123www: Running BFS 3
Round: 0, state: 0, time: 0.000
Round: 1, state: 0, time: 0.000
Round: 2, state: 0, time: 0.027
Round: 3, state: 1, time: 0.023
Round: 4, state: 1, time: 0.013
Round: 5, state: 1, time: 0.012
Round: 6, state: 1, time: 0.011
Round: 7, state: 1, time: 0.011
Time for BFS 3 is 0.107376
TEPS for BFS 3 is 1.24994e+09
Validating BFS 3
Validate time for BFS 3 is 3.802109
SCALE:                          23
edgefactor:                     16
NBFS:                           4
graph_generation:               10.7024
num_mpi_processes:              8
construction_time:              3.90305
bfs  min_time:                  0.0941212
bfs  firstquartile_time:        0.0955807
bfs  median_time:               0.102208
bfs  thirdquartile_time:        0.147422
bfs  max_time:                  0.187467
bfs  mean_time:                 0.121501
bfs  stddev_time:               0.0443436
min_nedge:                      134213828
firstquartile_nedge:            134213828
median_nedge:                   134213828
thirdquartile_nedge:            134213828
max_nedge:                      134213828
mean_nedge:                     134213828
stddev_nedge:                   0
bfs  min_TEPS:                  7.15932e+08
bfs  firstquartile_TEPS:        9.10407e+08
bfs  median_TEPS:               1.31314e+09
bfs  thirdquartile_TEPS:        1.40419e+09
bfs  max_TEPS:                  1.42597e+09
bfs  harmonic_mean_TEPS:     !  1.10463e+09
bfs  harmonic_stddev_TEPS:      2.32759e+08
bfs  min_validate:              3.80211
bfs  firstquartile_validate:    3.81259
bfs  median_validate:           3.89416
bfs  thirdquartile_validate:    3.9833
bfs  max_validate:              4.00135
bfs  mean_validate:             3.89795
bfs  stddev_validate:           0.100026
