graph_generation:               10.693363 s
construction_time:              3.589771 s
Round: 0, state: 0, time: 0.000
Round: 1, state: 0, time: 0.005
Round: 2, state: 1, time: 0.030
Round: 3, state: 1, time: 0.015
Round: 4, state: 1, time: 0.012
Round: 5, state: 1, time: 0.011
Round: 6, state: 1, time: 0.011
asd123www: Running BFS 0
Round: 0, state: 0, time: 0.000
Round: 1, state: 0, time: 0.005
Round: 2, state: 1, time: 0.030
Round: 3, state: 1, time: 0.015
Round: 4, state: 1, time: 0.012
Round: 5, state: 1, time: 0.012
Round: 6, state: 1, time: 0.011
Time for BFS 0 is 0.090536
TEPS for BFS 0 is 1.48244e+09
Validating BFS 0
Validate time for BFS 0 is 3.943591
asd123www: Running BFS 1
Round: 0, state: 0, time: 0.000
Round: 1, state: 0, time: 0.000
Round: 2, state: 0, time: 0.010
Round: 3, state: 1, time: 0.027
Round: 4, state: 1, time: 0.014
Round: 5, state: 1, time: 0.012
Round: 6, state: 1, time: 0.012
Round: 7, state: 1, time: 0.012
Time for BFS 1 is 0.094667
TEPS for BFS 1 is 1.41774e+09
Validating BFS 1
Validate time for BFS 1 is 4.008813
asd123www: Running BFS 2
Round: 0, state: 0, time: 0.000
Round: 1, state: 0, time: 0.000
Round: 2, state: 1, time: 0.036
Round: 3, state: 1, time: 0.020
Round: 4, state: 1, time: 0.012
Round: 5, state: 1, time: 0.012
Round: 6, state: 1, time: 0.012
Time for BFS 2 is 0.099184
TEPS for BFS 2 is 1.35318e+09
Validating BFS 2
Validate time for BFS 2 is 4.018422
asd123www: Running BFS 3
Round: 0, state: 0, time: 0.000
Round: 1, state: 0, time: 0.000
Round: 2, state: 0, time: 0.032
Round: 3, state: 1, time: 0.025
Round: 4, state: 1, time: 0.013
Round: 5, state: 1, time: 0.012
Round: 6, state: 1, time: 0.012
Round: 7, state: 1, time: 0.012
Time for BFS 3 is 0.115504
TEPS for BFS 3 is 1.16199e+09
Validating BFS 3
Validate time for BFS 3 is 4.029121
SCALE:                          23
edgefactor:                     16
NBFS:                           4
graph_generation:               10.6934
num_mpi_processes:              8
construction_time:              3.58977
bfs  min_time:                  0.0905356
bfs  firstquartile_time:        0.0926015
bfs  median_time:               0.0969256
bfs  thirdquartile_time:        0.107344
bfs  max_time:                  0.115504
bfs  mean_time:                 0.0999726
bfs  stddev_time:               0.0109397
min_nedge:                      134213828
firstquartile_nedge:            134213828
median_nedge:                   134213828
thirdquartile_nedge:            134213828
max_nedge:                      134213828
mean_nedge:                     134213828
stddev_nedge:                   0
bfs  min_TEPS:                  1.16199e+09
bfs  firstquartile_TEPS:        1.25032e+09
bfs  median_TEPS:               1.38471e+09
bfs  thirdquartile_TEPS:        1.44937e+09
bfs  max_TEPS:                  1.48244e+09
bfs  harmonic_mean_TEPS:     !  1.34251e+09
bfs  harmonic_stddev_TEPS:      8.48167e+07
bfs  min_validate:              3.94359
bfs  firstquartile_validate:    3.9762
bfs  median_validate:           4.01362
bfs  thirdquartile_validate:    4.02377
bfs  max_validate:              4.02912
bfs  mean_validate:             3.99999
bfs  stddev_validate:           0.0385013
