graph_generation:               10.692428 s
construction_time:              3.613902 s
Round: 0, state: 0, time: 0.000
Round: 1, state: 0, time: 0.005
Round: 2, state: 1, time: 0.030
Round: 3, state: 1, time: 0.015
Round: 4, state: 1, time: 0.012
Round: 5, state: 1, time: 0.012
Round: 6, state: 1, time: 0.011
asd123www: Running BFS 0
Round: 0, state: 0, time: 0.000
Round: 1, state: 0, time: 0.005
Round: 2, state: 1, time: 0.030
Round: 3, state: 1, time: 0.015
Round: 4, state: 1, time: 0.012
Round: 5, state: 1, time: 0.011
Round: 6, state: 1, time: 0.011
Time for BFS 0 is 0.090226
TEPS for BFS 0 is 1.48753e+09
Validating BFS 0
Validate time for BFS 0 is 3.845762
asd123www: Running BFS 1
Round: 0, state: 0, time: 0.000
Round: 1, state: 0, time: 0.000
Round: 2, state: 0, time: 0.010
Round: 3, state: 1, time: 0.026
Round: 4, state: 1, time: 0.014
Round: 5, state: 1, time: 0.012
Round: 6, state: 1, time: 0.012
Round: 7, state: 1, time: 0.012
Time for BFS 1 is 0.094132
TEPS for BFS 1 is 1.42581e+09
Validating BFS 1
Validate time for BFS 1 is 4.003044
asd123www: Running BFS 2
Round: 0, state: 0, time: 0.000
Round: 1, state: 0, time: 0.000
Round: 2, state: 1, time: 0.036
Round: 3, state: 1, time: 0.021
Round: 4, state: 1, time: 0.012
Round: 5, state: 1, time: 0.012
Round: 6, state: 1, time: 0.012
Time for BFS 2 is 0.097973
TEPS for BFS 2 is 1.36991e+09
Validating BFS 2
Validate time for BFS 2 is 4.069160
asd123www: Running BFS 3
Round: 0, state: 0, time: 0.000
Round: 1, state: 0, time: 0.000
Round: 2, state: 0, time: 0.029
Round: 3, state: 1, time: 0.024
Round: 4, state: 1, time: 0.013
Round: 5, state: 1, time: 0.012
Round: 6, state: 1, time: 0.012
Round: 7, state: 1, time: 0.013
Time for BFS 3 is 0.113491
TEPS for BFS 3 is 1.18259e+09
Validating BFS 3
Validate time for BFS 3 is 4.084664
SCALE:                          23
edgefactor:                     16
NBFS:                           4
graph_generation:               10.6924
num_mpi_processes:              8
construction_time:              3.6139
bfs  min_time:                  0.0902259
bfs  firstquartile_time:        0.0921789
bfs  median_time:               0.0960523
bfs  thirdquartile_time:        0.105732
bfs  max_time:                  0.113491
bfs  mean_time:                 0.0989555
bfs  stddev_time:               0.0101936
min_nedge:                      134213828
firstquartile_nedge:            134213828
median_nedge:                   134213828
thirdquartile_nedge:            134213828
max_nedge:                      134213828
mean_nedge:                     134213828
stddev_nedge:                   0
bfs  min_TEPS:                  1.18259e+09
bfs  firstquartile_TEPS:        1.26938e+09
bfs  median_TEPS:               1.3973e+09
bfs  thirdquartile_TEPS:        1.45601e+09
bfs  max_TEPS:                  1.48753e+09
bfs  harmonic_mean_TEPS:     !  1.35631e+09
bfs  harmonic_stddev_TEPS:      8.06648e+07
bfs  min_validate:              3.84576
bfs  firstquartile_validate:    3.9244
bfs  median_validate:           4.0361
bfs  thirdquartile_validate:    4.07691
bfs  max_validate:              4.08466
bfs  mean_validate:             4.00066
bfs  stddev_validate:           0.10916
