graph_generation:               10.688213 s
construction_time:              3.607365 s
Round: 0, state: 0, time: 0.000
Round: 1, state: 0, time: 0.005
Round: 2, state: 1, time: 0.030
Round: 3, state: 1, time: 0.015
Round: 4, state: 1, time: 0.012
Round: 5, state: 1, time: 0.011
Round: 6, state: 1, time: 0.011
asd123www: Running BFS 0
Round: 0, state: 0, time: 0.000
Round: 1, state: 0, time: 0.005
Round: 2, state: 1, time: 0.030
Round: 3, state: 1, time: 0.015
Round: 4, state: 1, time: 0.012
Round: 5, state: 1, time: 0.011
Round: 6, state: 1, time: 0.011
Time for BFS 0 is 0.090864
TEPS for BFS 0 is 1.47708e+09
Validating BFS 0
Validate time for BFS 0 is 4.042861
asd123www: Running BFS 1
Round: 0, state: 0, time: 0.000
Round: 1, state: 0, time: 0.000
Round: 2, state: 0, time: 0.011
Round: 3, state: 1, time: 0.028
Round: 4, state: 1, time: 0.014
Round: 5, state: 1, time: 0.012
Round: 6, state: 1, time: 0.011
Round: 7, state: 1, time: 0.012
Time for BFS 1 is 0.097499
TEPS for BFS 1 is 1.37657e+09
Validating BFS 1
Validate time for BFS 1 is 4.086008
asd123www: Running BFS 2
Round: 0, state: 0, time: 0.000
Round: 1, state: 0, time: 0.000
Round: 2, state: 1, time: 0.036
Round: 3, state: 1, time: 0.020
Round: 4, state: 1, time: 0.012
Round: 5, state: 1, time: 0.012
Round: 6, state: 1, time: 0.012
Time for BFS 2 is 0.097425
TEPS for BFS 2 is 1.37761e+09
Validating BFS 2
Validate time for BFS 2 is 4.104280
asd123www: Running BFS 3
Round: 0, state: 0, time: 0.000
Round: 1, state: 0, time: 0.000
Round: 2, state: 0, time: 0.029
Round: 3, state: 1, time: 0.024
Round: 4, state: 1, time: 0.013
Round: 5, state: 1, time: 0.012
Round: 6, state: 1, time: 0.011
Round: 7, state: 1, time: 0.012
Time for BFS 3 is 0.112139
TEPS for BFS 3 is 1.19685e+09
Validating BFS 3
Validate time for BFS 3 is 4.111349
SCALE:                          23
edgefactor:                     16
NBFS:                           4
graph_generation:               10.6882
num_mpi_processes:              8
construction_time:              3.60737
bfs  min_time:                  0.0908642
bfs  firstquartile_time:        0.0941448
bfs  median_time:               0.0974621
bfs  thirdquartile_time:        0.104819
bfs  max_time:                  0.112139
bfs  mean_time:                 0.0994819
bfs  stddev_time:               0.00899335
min_nedge:                      134213828
firstquartile_nedge:            134213828
median_nedge:                   134213828
thirdquartile_nedge:            134213828
max_nedge:                      134213828
mean_nedge:                     134213828
stddev_nedge:                   0
bfs  min_TEPS:                  1.19685e+09
bfs  firstquartile_TEPS:        1.28043e+09
bfs  median_TEPS:               1.37709e+09
bfs  thirdquartile_TEPS:        1.42561e+09
bfs  max_TEPS:                  1.47708e+09
bfs  harmonic_mean_TEPS:     !  1.34913e+09
bfs  harmonic_stddev_TEPS:      7.04157e+07
bfs  min_validate:              4.04286
bfs  firstquartile_validate:    4.06443
bfs  median_validate:           4.09514
bfs  thirdquartile_validate:    4.10781
bfs  max_validate:              4.11135
bfs  mean_validate:             4.08612
bfs  stddev_validate:           0.0307548
