graph_generation:               10.689158 s
construction_time:              3.592277 s
Round: 0, state: 0, time: 0.000
Round: 1, state: 0, time: 0.005
Round: 2, state: 1, time: 0.030
Round: 3, state: 1, time: 0.015
Round: 4, state: 1, time: 0.012
Round: 5, state: 1, time: 0.012
Round: 6, state: 1, time: 0.011
asd123www: Running BFS 0
Round: 0, state: 0, time: 0.000
Round: 1, state: 0, time: 0.005
Round: 2, state: 1, time: 0.030
Round: 3, state: 1, time: 0.015
Round: 4, state: 1, time: 0.012
Round: 5, state: 1, time: 0.012
Round: 6, state: 1, time: 0.011
Time for BFS 0 is 0.091480
TEPS for BFS 0 is 1.46713e+09
Validating BFS 0
Validate time for BFS 0 is 3.867069
asd123www: Running BFS 1
Round: 0, state: 0, time: 0.000
Round: 1, state: 0, time: 0.000
Round: 2, state: 0, time: 0.009
Round: 3, state: 1, time: 0.026
Round: 4, state: 1, time: 0.014
Round: 5, state: 1, time: 0.012
Round: 6, state: 1, time: 0.011
Round: 7, state: 1, time: 0.011
Time for BFS 1 is 0.092187
TEPS for BFS 1 is 1.45588e+09
Validating BFS 1
Validate time for BFS 1 is 3.971674
asd123www: Running BFS 2
Round: 0, state: 0, time: 0.000
Round: 1, state: 0, time: 0.000
Round: 2, state: 1, time: 0.036
Round: 3, state: 1, time: 0.021
Round: 4, state: 1, time: 0.012
Round: 5, state: 1, time: 0.012
Round: 6, state: 1, time: 0.012
Time for BFS 2 is 0.098452
TEPS for BFS 2 is 1.36325e+09
Validating BFS 2
Validate time for BFS 2 is 4.100775
asd123www: Running BFS 3
Round: 0, state: 0, time: 0.000
Round: 1, state: 0, time: 0.000
Round: 2, state: 0, time: 0.029
Round: 3, state: 1, time: 0.025
Round: 4, state: 1, time: 0.013
Round: 5, state: 1, time: 0.012
Round: 6, state: 1, time: 0.012
Round: 7, state: 1, time: 0.012
Time for BFS 3 is 0.113582
TEPS for BFS 3 is 1.18164e+09
Validating BFS 3
Validate time for BFS 3 is 4.117809
SCALE:                          23
edgefactor:                     16
NBFS:                           4
graph_generation:               10.6892
num_mpi_processes:              8
construction_time:              3.59228
bfs  min_time:                  0.0914805
bfs  firstquartile_time:        0.0918339
bfs  median_time:               0.0953195
bfs  thirdquartile_time:        0.106017
bfs  max_time:                  0.113582
bfs  mean_time:                 0.0989255
bfs  stddev_time:               0.0102612
min_nedge:                      134213828
firstquartile_nedge:            134213828
median_nedge:                   134213828
thirdquartile_nedge:            134213828
max_nedge:                      134213828
mean_nedge:                     134213828
stddev_nedge:                   0
bfs  min_TEPS:                  1.18164e+09
bfs  firstquartile_TEPS:        1.26597e+09
bfs  median_TEPS:               1.40804e+09
bfs  thirdquartile_TEPS:        1.46148e+09
bfs  max_TEPS:                  1.46713e+09
bfs  harmonic_mean_TEPS:     !  1.35672e+09
bfs  harmonic_stddev_TEPS:      8.12493e+07
bfs  min_validate:              3.86707
bfs  firstquartile_validate:    3.91937
bfs  median_validate:           4.03622
bfs  thirdquartile_validate:    4.10929
bfs  max_validate:              4.11781
bfs  mean_validate:             4.01433
bfs  stddev_validate:           0.117879
