graph_generation:               10.683021 s
construction_time:              3.658719 s
Round: 0, state: 0, time: 0.000
Round: 1, state: 0, time: 0.005
Round: 2, state: 1, time: 0.030
Round: 3, state: 1, time: 0.015
Round: 4, state: 1, time: 0.012
Round: 5, state: 1, time: 0.011
Round: 6, state: 1, time: 0.011
asd123www: Running BFS 0
Round: 0, state: 0, time: 0.000
Round: 1, state: 0, time: 0.005
Round: 2, state: 1, time: 0.030
Round: 3, state: 1, time: 0.015
Round: 4, state: 1, time: 0.012
Round: 5, state: 1, time: 0.011
Round: 6, state: 1, time: 0.011
Time for BFS 0 is 0.090338
TEPS for BFS 0 is 1.48568e+09
Validating BFS 0
Validate time for BFS 0 is 3.934279
asd123www: Running BFS 1
Round: 0, state: 0, time: 0.000
Round: 1, state: 0, time: 0.000
Round: 2, state: 0, time: 0.010
Round: 3, state: 1, time: 0.027
Round: 4, state: 1, time: 0.014
Round: 5, state: 1, time: 0.012
Round: 6, state: 1, time: 0.012
Round: 7, state: 1, time: 0.012
Time for BFS 1 is 0.096743
TEPS for BFS 1 is 1.38733e+09
Validating BFS 1
Validate time for BFS 1 is 4.005640
asd123www: Running BFS 2
Round: 0, state: 0, time: 0.000
Round: 1, state: 0, time: 0.000
Round: 2, state: 1, time: 0.036
Round: 3, state: 1, time: 0.021
Round: 4, state: 1, time: 0.012
Round: 5, state: 1, time: 0.012
Round: 6, state: 1, time: 0.012
Time for BFS 2 is 0.099942
TEPS for BFS 2 is 1.34292e+09
Validating BFS 2
Validate time for BFS 2 is 4.024114
asd123www: Running BFS 3
Round: 0, state: 0, time: 0.000
Round: 1, state: 0, time: 0.000
Round: 2, state: 0, time: 0.030
Round: 3, state: 1, time: 0.024
Round: 4, state: 1, time: 0.013
Round: 5, state: 1, time: 0.012
Round: 6, state: 1, time: 0.012
Round: 7, state: 1, time: 0.012
Time for BFS 3 is 0.114078
TEPS for BFS 3 is 1.17651e+09
Validating BFS 3
Validate time for BFS 3 is 4.015939
SCALE:                          23
edgefactor:                     16
NBFS:                           4
graph_generation:               10.683
num_mpi_processes:              8
construction_time:              3.65872
bfs  min_time:                  0.0903382
bfs  firstquartile_time:        0.0935404
bfs  median_time:               0.0983422
bfs  thirdquartile_time:        0.10701
bfs  max_time:                  0.114078
bfs  mean_time:                 0.100275
bfs  stddev_time:               0.0100307
min_nedge:                      134213828
firstquartile_nedge:            134213828
median_nedge:                   134213828
thirdquartile_nedge:            134213828
max_nedge:                      134213828
mean_nedge:                     134213828
stddev_nedge:                   0
bfs  min_TEPS:                  1.17651e+09
bfs  firstquartile_TEPS:        1.25422e+09
bfs  median_TEPS:               1.36476e+09
bfs  thirdquartile_TEPS:        1.43482e+09
bfs  max_TEPS:                  1.48568e+09
bfs  harmonic_mean_TEPS:     !  1.33846e+09
bfs  harmonic_stddev_TEPS:      7.73005e+07
bfs  min_validate:              3.93428
bfs  firstquartile_validate:    3.96996
bfs  median_validate:           4.01079
bfs  thirdquartile_validate:    4.02003
bfs  max_validate:              4.02411
bfs  mean_validate:             3.99499
bfs  stddev_validate:           0.0411756
