graph_generation:               10.680974 s
construction_time:              3.604140 s
Round: 0, state: 0, time: 0.000
Round: 1, state: 0, time: 0.005
Round: 2, state: 1, time: 0.030
Round: 3, state: 1, time: 0.015
Round: 4, state: 1, time: 0.011
Round: 5, state: 1, time: 0.011
Round: 6, state: 1, time: 0.011
asd123www: Running BFS 0
Round: 0, state: 0, time: 0.000
Round: 1, state: 0, time: 0.005
Round: 2, state: 1, time: 0.030
Round: 3, state: 1, time: 0.015
Round: 4, state: 1, time: 0.012
Round: 5, state: 1, time: 0.011
Round: 6, state: 1, time: 0.011
Time for BFS 0 is 0.090655
TEPS for BFS 0 is 1.48049e+09
Validating BFS 0
Validate time for BFS 0 is 3.858514
asd123www: Running BFS 1
Round: 0, state: 0, time: 0.000
Round: 1, state: 0, time: 0.000
Round: 2, state: 0, time: 0.009
Round: 3, state: 1, time: 0.026
Round: 4, state: 1, time: 0.014
Round: 5, state: 1, time: 0.012
Round: 6, state: 1, time: 0.012
Round: 7, state: 1, time: 0.011
Time for BFS 1 is 0.092273
TEPS for BFS 1 is 1.45453e+09
Validating BFS 1
Validate time for BFS 1 is 4.068872
asd123www: Running BFS 2
Round: 0, state: 0, time: 0.000
Round: 1, state: 0, time: 0.000
Round: 2, state: 1, time: 0.036
Round: 3, state: 1, time: 0.020
Round: 4, state: 1, time: 0.012
Round: 5, state: 1, time: 0.012
Round: 6, state: 1, time: 0.011
Time for BFS 2 is 0.096946
TEPS for BFS 2 is 1.38442e+09
Validating BFS 2
Validate time for BFS 2 is 4.113408
asd123www: Running BFS 3
Round: 0, state: 0, time: 0.000
Round: 1, state: 0, time: 0.000
Round: 2, state: 0, time: 0.029
Round: 3, state: 1, time: 0.024
Round: 4, state: 1, time: 0.013
Round: 5, state: 1, time: 0.012
Round: 6, state: 1, time: 0.012
Round: 7, state: 1, time: 0.013
Time for BFS 3 is 0.113390
TEPS for BFS 3 is 1.18365e+09
Validating BFS 3
Validate time for BFS 3 is 4.106428
SCALE:                          23
edgefactor:                     16
NBFS:                           4
graph_generation:               10.681
num_mpi_processes:              8
construction_time:              3.60414
bfs  min_time:                  0.0906549
bfs  firstquartile_time:        0.091464
bfs  median_time:               0.0946095
bfs  thirdquartile_time:        0.105168
bfs  max_time:                  0.11339
bfs  mean_time:                 0.0983159
bfs  stddev_time:               0.0103972
min_nedge:                      134213828
firstquartile_nedge:            134213828
median_nedge:                   134213828
thirdquartile_nedge:            134213828
max_nedge:                      134213828
mean_nedge:                     134213828
stddev_nedge:                   0
bfs  min_TEPS:                  1.18365e+09
bfs  firstquartile_TEPS:        1.27619e+09
bfs  median_TEPS:               1.41861e+09
bfs  thirdquartile_TEPS:        1.46739e+09
bfs  max_TEPS:                  1.48049e+09
bfs  harmonic_mean_TEPS:     !  1.36513e+09
bfs  harmonic_stddev_TEPS:      8.33497e+07
bfs  min_validate:              3.85851
bfs  firstquartile_validate:    3.96369
bfs  median_validate:           4.08765
bfs  thirdquartile_validate:    4.10992
bfs  max_validate:              4.11341
bfs  mean_validate:             4.03681
bfs  stddev_validate:           0.120459
