graph_generation:               10.685175 s
construction_time:              3.560645 s
Round: 0, state: 0, time: 0.000
Round: 1, state: 0, time: 0.005
Round: 2, state: 1, time: 0.030
Round: 3, state: 1, time: 0.015
Round: 4, state: 1, time: 0.012
Round: 5, state: 1, time: 0.012
Round: 6, state: 1, time: 0.011
asd123www: Running BFS 0
Round: 0, state: 0, time: 0.000
Round: 1, state: 0, time: 0.005
Round: 2, state: 1, time: 0.030
Round: 3, state: 1, time: 0.015
Round: 4, state: 1, time: 0.012
Round: 5, state: 1, time: 0.011
Round: 6, state: 1, time: 0.011
Time for BFS 0 is 0.090563
TEPS for BFS 0 is 1.482e+09
Validating BFS 0
Validate time for BFS 0 is 3.884836
asd123www: Running BFS 1
Round: 0, state: 0, time: 0.000
Round: 1, state: 0, time: 0.000
Round: 2, state: 0, time: 0.010
Round: 3, state: 1, time: 0.027
Round: 4, state: 1, time: 0.014
Round: 5, state: 1, time: 0.012
Round: 6, state: 1, time: 0.012
Round: 7, state: 1, time: 0.012
Time for BFS 1 is 0.095825
TEPS for BFS 1 is 1.40061e+09
Validating BFS 1
Validate time for BFS 1 is 3.995909
asd123www: Running BFS 2
Round: 0, state: 0, time: 0.000
Round: 1, state: 0, time: 0.000
Round: 2, state: 1, time: 0.036
Round: 3, state: 1, time: 0.021
Round: 4, state: 1, time: 0.012
Round: 5, state: 1, time: 0.012
Round: 6, state: 1, time: 0.012
Time for BFS 2 is 0.098353
TEPS for BFS 2 is 1.36461e+09
Validating BFS 2
Validate time for BFS 2 is 4.032423
asd123www: Running BFS 3
Round: 0, state: 0, time: 0.000
Round: 1, state: 0, time: 0.000
Round: 2, state: 0, time: 0.029
Round: 3, state: 1, time: 0.024
Round: 4, state: 1, time: 0.013
Round: 5, state: 1, time: 0.012
Round: 6, state: 1, time: 0.012
Round: 7, state: 1, time: 0.012
Time for BFS 3 is 0.112789
TEPS for BFS 3 is 1.18996e+09
Validating BFS 3
Validate time for BFS 3 is 4.042845
SCALE:                          23
edgefactor:                     16
NBFS:                           4
graph_generation:               10.6852
num_mpi_processes:              8
construction_time:              3.56065
bfs  min_time:                  0.0905626
bfs  firstquartile_time:        0.0931938
bfs  median_time:               0.0970889
bfs  thirdquartile_time:        0.105571
bfs  max_time:                  0.112789
bfs  mean_time:                 0.0993823
bfs  stddev_time:               0.00950858
min_nedge:                      134213828
firstquartile_nedge:            134213828
median_nedge:                   134213828
thirdquartile_nedge:            134213828
max_nedge:                      134213828
mean_nedge:                     134213828
stddev_nedge:                   0
bfs  min_TEPS:                  1.18996e+09
bfs  firstquartile_TEPS:        1.27131e+09
bfs  median_TEPS:               1.38238e+09
bfs  thirdquartile_TEPS:        1.44016e+09
bfs  max_TEPS:                  1.482e+09
bfs  harmonic_mean_TEPS:     !  1.35048e+09
bfs  harmonic_stddev_TEPS:      7.45991e+07
bfs  min_validate:              3.88484
bfs  firstquartile_validate:    3.94037
bfs  median_validate:           4.01417
bfs  thirdquartile_validate:    4.03763
bfs  max_validate:              4.04284
bfs  mean_validate:             3.989
bfs  stddev_validate:           0.0723018
