graph_generation:               10.679169 s
construction_time:              3.655200 s
Round: 0, state: 0, time: 0.000
Round: 1, state: 0, time: 0.005
Round: 2, state: 1, time: 0.030
Round: 3, state: 1, time: 0.015
Round: 4, state: 1, time: 0.012
Round: 5, state: 1, time: 0.012
Round: 6, state: 1, time: 0.011
asd123www: Running BFS 0
Round: 0, state: 0, time: 0.000
Round: 1, state: 0, time: 0.005
Round: 2, state: 1, time: 0.030
Round: 3, state: 1, time: 0.015
Round: 4, state: 1, time: 0.012
Round: 5, state: 1, time: 0.011
Round: 6, state: 1, time: 0.011
Time for BFS 0 is 0.090859
TEPS for BFS 0 is 1.47717e+09
Validating BFS 0
Validate time for BFS 0 is 3.954802
asd123www: Running BFS 1
Round: 0, state: 0, time: 0.000
Round: 1, state: 0, time: 0.000
Round: 2, state: 0, time: 0.009
Round: 3, state: 1, time: 0.027
Round: 4, state: 1, time: 0.014
Round: 5, state: 1, time: 0.012
Round: 6, state: 1, time: 0.012
Round: 7, state: 1, time: 0.012
Time for BFS 1 is 0.095086
TEPS for BFS 1 is 1.4115e+09
Validating BFS 1
Validate time for BFS 1 is 4.033324
asd123www: Running BFS 2
Round: 0, state: 0, time: 0.000
Round: 1, state: 0, time: 0.000
Round: 2, state: 1, time: 0.036
Round: 3, state: 1, time: 0.021
Round: 4, state: 1, time: 0.012
Round: 5, state: 1, time: 0.012
Round: 6, state: 1, time: 0.011
Time for BFS 2 is 0.098138
TEPS for BFS 2 is 1.3676e+09
Validating BFS 2
Validate time for BFS 2 is 4.040465
asd123www: Running BFS 3
Round: 0, state: 0, time: 0.000
Round: 1, state: 0, time: 0.000
Round: 2, state: 0, time: 0.028
Round: 3, state: 1, time: 0.024
Round: 4, state: 1, time: 0.013
Round: 5, state: 1, time: 0.012
Round: 6, state: 1, time: 0.012
Round: 7, state: 1, time: 0.012
Time for BFS 3 is 0.112250
TEPS for BFS 3 is 1.19567e+09
Validating BFS 3
Validate time for BFS 3 is 4.045943
SCALE:                          23
edgefactor:                     16
NBFS:                           4
graph_generation:               10.6792
num_mpi_processes:              8
construction_time:              3.6552
bfs  min_time:                  0.0908587
bfs  firstquartile_time:        0.0929724
bfs  median_time:               0.0966121
bfs  thirdquartile_time:        0.105194
bfs  max_time:                  0.11225
bfs  mean_time:                 0.0990832
bfs  stddev_time:               0.00927134
min_nedge:                      134213828
firstquartile_nedge:            134213828
median_nedge:                   134213828
thirdquartile_nedge:            134213828
max_nedge:                      134213828
mean_nedge:                     134213828
stddev_nedge:                   0
bfs  min_TEPS:                  1.19567e+09
bfs  firstquartile_TEPS:        1.27587e+09
bfs  median_TEPS:               1.3892e+09
bfs  thirdquartile_TEPS:        1.44359e+09
bfs  max_TEPS:                  1.47717e+09
bfs  harmonic_mean_TEPS:     !  1.35456e+09
bfs  harmonic_stddev_TEPS:      7.31778e+07
bfs  min_validate:              3.9548
bfs  firstquartile_validate:    3.99406
bfs  median_validate:           4.03689
bfs  thirdquartile_validate:    4.0432
bfs  max_validate:              4.04594
bfs  mean_validate:             4.01863
bfs  stddev_validate:           0.0428668
