graph_generation:               10.687287 s
construction_time:              3.903997 s
Round: 0, state: 0, time: 0.000
Round: 1, state: 0, time: 0.005
Round: 2, state: 1, time: 0.030
Round: 3, state: 1, time: 0.015
Round: 4, state: 1, time: 0.012
Round: 5, state: 1, time: 0.012
Round: 6, state: 1, time: 0.012
asd123www: Running BFS 0
Round: 0, state: 0, time: 0.000
Round: 1, state: 0, time: 0.005
Round: 2, state: 1, time: 0.031
Round: 3, state: 1, time: 0.016
Round: 4, state: 1, time: 0.012
Round: 5, state: 1, time: 0.012
Round: 6, state: 1, time: 0.011
Time for BFS 0 is 0.093739
TEPS for BFS 0 is 1.43178e+09
Validating BFS 0
Validate time for BFS 0 is 4.019192
asd123www: Running BFS 1
Round: 0, state: 0, time: 0.000
Round: 1, state: 0, time: 0.000
Round: 2, state: 0, time: 0.009
Round: 3, state: 1, time: 0.026
Round: 4, state: 1, time: 0.014
Round: 5, state: 1, time: 0.012
Round: 6, state: 1, time: 0.011
Round: 7, state: 1, time: 0.011
Time for BFS 1 is 0.092686
TEPS for BFS 1 is 1.44805e+09
Validating BFS 1
Validate time for BFS 1 is 3.860242
asd123www: Running BFS 2
Round: 0, state: 0, time: 0.000
Round: 1, state: 0, time: 0.000
Round: 2, state: 1, time: 0.035
Round: 3, state: 1, time: 0.020
Round: 4, state: 1, time: 0.012
Round: 5, state: 1, time: 0.012
Round: 6, state: 1, time: 0.012
Time for BFS 2 is 0.096550
TEPS for BFS 2 is 1.3901e+09
Validating BFS 2
Validate time for BFS 2 is 3.837478
asd123www: Running BFS 3
Round: 0, state: 0, time: 0.000
Round: 1, state: 0, time: 0.000
Round: 2, state: 0, time: 0.028
Round: 3, state: 1, time: 0.023
Round: 4, state: 1, time: 0.013
Round: 5, state: 1, time: 0.012
Round: 6, state: 1, time: 0.011
Round: 7, state: 1, time: 0.011
Time for BFS 3 is 0.108386
TEPS for BFS 3 is 1.23829e+09
Validating BFS 3
Validate time for BFS 3 is 3.843529
SCALE:                          23
edgefactor:                     16
NBFS:                           4
graph_generation:               10.6873
num_mpi_processes:              8
construction_time:              3.904
bfs  min_time:                  0.0926857
bfs  firstquartile_time:        0.0932125
bfs  median_time:               0.0951446
bfs  thirdquartile_time:        0.102468
bfs  max_time:                  0.108386
bfs  mean_time:                 0.0978403
bfs  stddev_time:               0.00721736
min_nedge:                      134213828
firstquartile_nedge:            134213828
median_nedge:                   134213828
thirdquartile_nedge:            134213828
max_nedge:                      134213828
mean_nedge:                     134213828
stddev_nedge:                   0
bfs  min_TEPS:                  1.23829e+09
bfs  firstquartile_TEPS:        1.30981e+09
bfs  median_TEPS:               1.41063e+09
bfs  thirdquartile_TEPS:        1.43987e+09
bfs  max_TEPS:                  1.44805e+09
bfs  harmonic_mean_TEPS:     !  1.37176e+09
bfs  harmonic_stddev_TEPS:      5.84224e+07
bfs  min_validate:              3.83748
bfs  firstquartile_validate:    3.8405
bfs  median_validate:           3.85189
bfs  thirdquartile_validate:    3.93972
bfs  max_validate:              4.01919
bfs  mean_validate:             3.89011
bfs  stddev_validate:           0.0865912
