graph_generation:               10.680202 s
construction_time:              3.648803 s
Round: 0, state: 0, time: 0.000
Round: 1, state: 0, time: 0.005
Round: 2, state: 1, time: 0.030
Round: 3, state: 1, time: 0.015
Round: 4, state: 1, time: 0.012
Round: 5, state: 1, time: 0.012
Round: 6, state: 1, time: 0.011
asd123www: Running BFS 0
Round: 0, state: 0, time: 0.000
Round: 1, state: 0, time: 0.005
Round: 2, state: 1, time: 0.030
Round: 3, state: 1, time: 0.015
Round: 4, state: 1, time: 0.011
Round: 5, state: 1, time: 0.011
Round: 6, state: 1, time: 0.011
Time for BFS 0 is 0.090511
TEPS for BFS 0 is 1.48285e+09
Validating BFS 0
Validate time for BFS 0 is 3.976134
asd123www: Running BFS 1
Round: 0, state: 0, time: 0.000
Round: 1, state: 0, time: 0.000
Round: 2, state: 0, time: 0.009
Round: 3, state: 1, time: 0.027
Round: 4, state: 1, time: 0.014
Round: 5, state: 1, time: 0.012
Round: 6, state: 1, time: 0.012
Round: 7, state: 1, time: 0.011
Time for BFS 1 is 0.093902
TEPS for BFS 1 is 1.42929e+09
Validating BFS 1
Validate time for BFS 1 is 3.998131
asd123www: Running BFS 2
Round: 0, state: 0, time: 0.000
Round: 1, state: 0, time: 0.000
Round: 2, state: 1, time: 0.036
Round: 3, state: 1, time: 0.020
Round: 4, state: 1, time: 0.012
Round: 5, state: 1, time: 0.012
Round: 6, state: 1, time: 0.012
Time for BFS 2 is 0.098595
TEPS for BFS 2 is 1.36126e+09
Validating BFS 2
Validate time for BFS 2 is 4.023956
asd123www: Running BFS 3
Round: 0, state: 0, time: 0.000
Round: 1, state: 0, time: 0.000
Round: 2, state: 0, time: 0.032
Round: 3, state: 1, time: 0.025
Round: 4, state: 1, time: 0.013
Round: 5, state: 1, time: 0.012
Round: 6, state: 1, time: 0.012
Round: 7, state: 1, time: 0.012
Time for BFS 3 is 0.115882
TEPS for BFS 3 is 1.1582e+09
Validating BFS 3
Validate time for BFS 3 is 3.989622
SCALE:                          23
edgefactor:                     16
NBFS:                           4
graph_generation:               10.6802
num_mpi_processes:              8
construction_time:              3.6488
bfs  min_time:                  0.0905106
bfs  firstquartile_time:        0.0922065
bfs  median_time:               0.0962489
bfs  thirdquartile_time:        0.107239
bfs  max_time:                  0.115882
bfs  mean_time:                 0.0997225
bfs  stddev_time:               0.0112712
min_nedge:                      134213828
firstquartile_nedge:            134213828
median_nedge:                   134213828
thirdquartile_nedge:            134213828
max_nedge:                      134213828
mean_nedge:                     134213828
stddev_nedge:                   0
bfs  min_TEPS:                  1.1582e+09
bfs  firstquartile_TEPS:        1.25154e+09
bfs  median_TEPS:               1.39445e+09
bfs  thirdquartile_TEPS:        1.45558e+09
bfs  max_TEPS:                  1.48285e+09
bfs  harmonic_mean_TEPS:     !  1.34587e+09
bfs  harmonic_stddev_TEPS:      8.78258e+07
bfs  min_validate:              3.97613
bfs  firstquartile_validate:    3.98288
bfs  median_validate:           3.99388
bfs  thirdquartile_validate:    4.01104
bfs  max_validate:              4.02396
bfs  mean_validate:             3.99696
bfs  stddev_validate:           0.0201473
