graph_generation:               10.713499 s
construction_time:              3.870254 s
Round: 0, state: 0, time: 0.000
Round: 1, state: 0, time: 0.005
Round: 2, state: 1, time: 0.030
Round: 3, state: 1, time: 0.015
Round: 4, state: 1, time: 0.012
Round: 5, state: 1, time: 0.012
Round: 6, state: 1, time: 0.012
asd123www: Running BFS 0
Round: 0, state: 0, time: 0.000
Round: 1, state: 0, time: 0.005
Round: 2, state: 1, time: 0.031
Round: 3, state: 1, time: 0.016
Round: 4, state: 1, time: 0.012
Round: 5, state: 1, time: 0.012
Round: 6, state: 1, time: 0.012
Time for BFS 0 is 0.093477
TEPS for BFS 0 is 1.43579e+09
Validating BFS 0
Validate time for BFS 0 is 4.052220
asd123www: Running BFS 1
Round: 0, state: 0, time: 0.000
Round: 1, state: 0, time: 0.000
Round: 2, state: 0, time: 0.010
Round: 3, state: 1, time: 0.027
Round: 4, state: 1, time: 0.014
Round: 5, state: 1, time: 0.011
Round: 6, state: 1, time: 0.012
Round: 7, state: 1, time: 0.011
Time for BFS 1 is 0.095057
TEPS for BFS 1 is 1.41193e+09
Validating BFS 1
Validate time for BFS 1 is 4.008592
asd123www: Running BFS 2
Round: 0, state: 0, time: 0.000
Round: 1, state: 0, time: 0.000
Round: 2, state: 0, time: 0.122
Round: 3, state: 1, time: 0.020
Round: 4, state: 1, time: 0.012
Round: 5, state: 1, time: 0.012
Round: 6, state: 1, time: 0.011
Time for BFS 2 is 0.189113
TEPS for BFS 2 is 7.09701e+08
Validating BFS 2
Validate time for BFS 2 is 3.855380
asd123www: Running BFS 3
Round: 0, state: 0, time: 0.000
Round: 1, state: 0, time: 0.000
Round: 2, state: 0, time: 0.026
Round: 3, state: 1, time: 0.023
Round: 4, state: 1, time: 0.013
Round: 5, state: 1, time: 0.012
Round: 6, state: 1, time: 0.011
Round: 7, state: 1, time: 0.011
Time for BFS 3 is 0.107186
TEPS for BFS 3 is 1.25216e+09
Validating BFS 3
Validate time for BFS 3 is 3.857014
SCALE:                          23
edgefactor:                     16
NBFS:                           4
graph_generation:               10.7135
num_mpi_processes:              8
construction_time:              3.87025
bfs  min_time:                  0.0934775
bfs  firstquartile_time:        0.0942672
bfs  median_time:               0.101121
bfs  thirdquartile_time:        0.148149
bfs  max_time:                  0.189113
bfs  mean_time:                 0.121208
bfs  stddev_time:               0.0456822
min_nedge:                      134213828
firstquartile_nedge:            134213828
median_nedge:                   134213828
thirdquartile_nedge:            134213828
max_nedge:                      134213828
mean_nedge:                     134213828
stddev_nedge:                   0
bfs  min_TEPS:                  7.09701e+08
bfs  firstquartile_TEPS:        9.05935e+08
bfs  median_TEPS:               1.32725e+09
bfs  thirdquartile_TEPS:        1.42376e+09
bfs  max_TEPS:                  1.43579e+09
bfs  harmonic_mean_TEPS:     !  1.1073e+09
bfs  harmonic_stddev_TEPS:      2.40945e+08
bfs  min_validate:              3.85538
bfs  firstquartile_validate:    3.8562
bfs  median_validate:           3.9328
bfs  thirdquartile_validate:    4.03041
bfs  max_validate:              4.05222
bfs  mean_validate:             3.9433
bfs  stddev_validate:           0.102147
