graph_generation:               10.708833 s
construction_time:              3.858055 s
Round: 0, state: 0, time: 0.000
Round: 1, state: 0, time: 0.005
Round: 2, state: 1, time: 0.030
Round: 3, state: 1, time: 0.015
Round: 4, state: 1, time: 0.012
Round: 5, state: 1, time: 0.012
Round: 6, state: 1, time: 0.012
asd123www: Running BFS 0
Round: 0, state: 0, time: 0.000
Round: 1, state: 0, time: 0.005
Round: 2, state: 1, time: 0.030
Round: 3, state: 1, time: 0.016
Round: 4, state: 1, time: 0.012
Round: 5, state: 1, time: 0.012
Round: 6, state: 1, time: 0.012
Time for BFS 0 is 0.093151
TEPS for BFS 0 is 1.44081e+09
Validating BFS 0
Validate time for BFS 0 is 4.017328
asd123www: Running BFS 1
Round: 0, state: 0, time: 0.000
Round: 1, state: 0, time: 0.000
Round: 2, state: 0, time: 0.010
Round: 3, state: 1, time: 0.027
Round: 4, state: 1, time: 0.014
Round: 5, state: 1, time: 0.012
Round: 6, state: 1, time: 0.012
Round: 7, state: 1, time: 0.012
Time for BFS 1 is 0.095015
TEPS for BFS 1 is 1.41255e+09
Validating BFS 1
Validate time for BFS 1 is 3.981763
asd123www: Running BFS 2
Round: 0, state: 0, time: 0.000
Round: 1, state: 0, time: 0.000
Round: 2, state: 1, time: 0.035
Round: 3, state: 1, time: 0.020
Round: 4, state: 1, time: 0.012
Round: 5, state: 1, time: 0.012
Round: 6, state: 1, time: 0.011
Time for BFS 2 is 0.096329
TEPS for BFS 2 is 1.39329e+09
Validating BFS 2
Validate time for BFS 2 is 3.807429
asd123www: Running BFS 3
Round: 0, state: 0, time: 0.000
Round: 1, state: 0, time: 0.000
Round: 2, state: 0, time: 0.026
Round: 3, state: 1, time: 0.023
Round: 4, state: 1, time: 0.013
Round: 5, state: 1, time: 0.012
Round: 6, state: 1, time: 0.011
Round: 7, state: 1, time: 0.011
Time for BFS 3 is 0.106838
TEPS for BFS 3 is 1.25624e+09
Validating BFS 3
Validate time for BFS 3 is 3.814959
SCALE:                          23
edgefactor:                     16
NBFS:                           4
graph_generation:               10.7088
num_mpi_processes:              8
construction_time:              3.85806
bfs  min_time:                  0.0931513
bfs  firstquartile_time:        0.0940833
bfs  median_time:               0.095672
bfs  thirdquartile_time:        0.101583
bfs  max_time:                  0.106838
bfs  mean_time:                 0.0978333
bfs  stddev_time:               0.00614291
min_nedge:                      134213828
firstquartile_nedge:            134213828
median_nedge:                   134213828
thirdquartile_nedge:            134213828
max_nedge:                      134213828
mean_nedge:                     134213828
stddev_nedge:                   0
bfs  min_TEPS:                  1.25624e+09
bfs  firstquartile_TEPS:        1.32122e+09
bfs  median_TEPS:               1.40285e+09
bfs  thirdquartile_TEPS:        1.42654e+09
bfs  max_TEPS:                  1.44081e+09
bfs  harmonic_mean_TEPS:     !  1.37186e+09
bfs  harmonic_stddev_TEPS:      4.97322e+07
bfs  min_validate:              3.80743
bfs  firstquartile_validate:    3.81119
bfs  median_validate:           3.89836
bfs  thirdquartile_validate:    3.99955
bfs  max_validate:              4.01733
bfs  mean_validate:             3.90537
bfs  stddev_validate:           0.109753
