graph_generation:               10.683822 s
construction_time:              3.639553 s
Round: 0, state: 0, time: 0.000
Round: 1, state: 0, time: 0.005
Round: 2, state: 1, time: 0.030
Round: 3, state: 1, time: 0.015
Round: 4, state: 1, time: 0.012
Round: 5, state: 1, time: 0.012
Round: 6, state: 1, time: 0.011
asd123www: Running BFS 0
Round: 0, state: 0, time: 0.000
Round: 1, state: 0, time: 0.005
Round: 2, state: 1, time: 0.030
Round: 3, state: 1, time: 0.015
Round: 4, state: 1, time: 0.012
Round: 5, state: 1, time: 0.011
Round: 6, state: 1, time: 0.011
Time for BFS 0 is 0.090900
TEPS for BFS 0 is 1.4765e+09
Validating BFS 0
Validate time for BFS 0 is 3.876983
asd123www: Running BFS 1
Round: 0, state: 0, time: 0.000
Round: 1, state: 0, time: 0.000
Round: 2, state: 0, time: 0.009
Round: 3, state: 1, time: 0.026
Round: 4, state: 1, time: 0.014
Round: 5, state: 1, time: 0.012
Round: 6, state: 1, time: 0.011
Round: 7, state: 1, time: 0.011
Time for BFS 1 is 0.092024
TEPS for BFS 1 is 1.45846e+09
Validating BFS 1
Validate time for BFS 1 is 3.881062
asd123www: Running BFS 2
Round: 0, state: 0, time: 0.000
Round: 1, state: 0, time: 0.000
Round: 2, state: 1, time: 0.035
Round: 3, state: 1, time: 0.020
Round: 4, state: 1, time: 0.012
Round: 5, state: 1, time: 0.011
Round: 6, state: 1, time: 0.011
Time for BFS 2 is 0.095824
TEPS for BFS 2 is 1.40063e+09
Validating BFS 2
Validate time for BFS 2 is 3.892369
asd123www: Running BFS 3
Round: 0, state: 0, time: 0.000
Round: 1, state: 0, time: 0.000
Round: 2, state: 0, time: 0.027
Round: 3, state: 1, time: 0.024
Round: 4, state: 1, time: 0.013
Round: 5, state: 1, time: 0.011
Round: 6, state: 1, time: 0.012
Round: 7, state: 1, time: 0.011
Time for BFS 3 is 0.107867
TEPS for BFS 3 is 1.24426e+09
Validating BFS 3
Validate time for BFS 3 is 3.900379
SCALE:                          23
edgefactor:                     16
NBFS:                           4
graph_generation:               10.6838
num_mpi_processes:              8
construction_time:              3.63955
bfs  min_time:                  0.0909002
bfs  firstquartile_time:        0.0914621
bfs  median_time:               0.093924
bfs  thirdquartile_time:        0.101845
bfs  max_time:                  0.107867
bfs  mean_time:                 0.0966537
bfs  stddev_time:               0.00776643
min_nedge:                      134213828
firstquartile_nedge:            134213828
median_nedge:                   134213828
thirdquartile_nedge:            134213828
max_nedge:                      134213828
mean_nedge:                     134213828
stddev_nedge:                   0
bfs  min_TEPS:                  1.24426e+09
bfs  firstquartile_TEPS:        1.31782e+09
bfs  median_TEPS:               1.42896e+09
bfs  thirdquartile_TEPS:        1.46743e+09
bfs  max_TEPS:                  1.4765e+09
bfs  harmonic_mean_TEPS:     !  1.38861e+09
bfs  harmonic_stddev_TEPS:      6.442e+07
bfs  min_validate:              3.87698
bfs  firstquartile_validate:    3.87902
bfs  median_validate:           3.88672
bfs  thirdquartile_validate:    3.89637
bfs  max_validate:              3.90038
bfs  mean_validate:             3.8877
bfs  stddev_validate:           0.0106689
