graph_generation:               10.704184 s
construction_time:              3.893737 s
Round: 0, state: 0, time: 0.000
Round: 1, state: 0, time: 0.006
Round: 2, state: 1, time: 0.030
Round: 3, state: 1, time: 0.015
Round: 4, state: 1, time: 0.012
Round: 5, state: 1, time: 0.012
Round: 6, state: 1, time: 0.012
asd123www: Running BFS 0
Round: 0, state: 0, time: 0.000
Round: 1, state: 0, time: 0.006
Round: 2, state: 1, time: 0.031
Round: 3, state: 1, time: 0.016
Round: 4, state: 1, time: 0.012
Round: 5, state: 1, time: 0.012
Round: 6, state: 1, time: 0.012
Time for BFS 0 is 0.093237
TEPS for BFS 0 is 1.43949e+09
Validating BFS 0
Validate time for BFS 0 is 4.067200
asd123www: Running BFS 1
Round: 0, state: 0, time: 0.000
Round: 1, state: 0, time: 0.000
Round: 2, state: 0, time: 0.009
Round: 3, state: 1, time: 0.027
Round: 4, state: 1, time: 0.014
Round: 5, state: 1, time: 0.012
Round: 6, state: 1, time: 0.012
Round: 7, state: 1, time: 0.012
Time for BFS 1 is 0.094965
TEPS for BFS 1 is 1.41329e+09
Validating BFS 1
Validate time for BFS 1 is 4.058834
asd123www: Running BFS 2
Round: 0, state: 0, time: 0.000
Round: 1, state: 0, time: 0.000
Round: 2, state: 1, time: 0.035
Round: 3, state: 1, time: 0.021
Round: 4, state: 1, time: 0.012
Round: 5, state: 1, time: 0.012
Round: 6, state: 1, time: 0.011
Time for BFS 2 is 0.097231
TEPS for BFS 2 is 1.38036e+09
Validating BFS 2
Validate time for BFS 2 is 3.883793
asd123www: Running BFS 3
Round: 0, state: 0, time: 0.000
Round: 1, state: 0, time: 0.000
Round: 2, state: 0, time: 0.028
Round: 3, state: 1, time: 0.024
Round: 4, state: 1, time: 0.013
Round: 5, state: 1, time: 0.012
Round: 6, state: 1, time: 0.012
Round: 7, state: 1, time: 0.011
Time for BFS 3 is 0.108991
TEPS for BFS 3 is 1.23142e+09
Validating BFS 3
Validate time for BFS 3 is 3.874148
SCALE:                          23
edgefactor:                     16
NBFS:                           4
graph_generation:               10.7042
num_mpi_processes:              8
construction_time:              3.89374
bfs  min_time:                  0.0932369
bfs  firstquartile_time:        0.0941011
bfs  median_time:               0.0960982
bfs  thirdquartile_time:        0.103111
bfs  max_time:                  0.108991
bfs  mean_time:                 0.098606
bfs  stddev_time:               0.00711369
min_nedge:                      134213828
firstquartile_nedge:            134213828
median_nedge:                   134213828
thirdquartile_nedge:            134213828
max_nedge:                      134213828
mean_nedge:                     134213828
stddev_nedge:                   0
bfs  min_TEPS:                  1.23142e+09
bfs  firstquartile_TEPS:        1.30165e+09
bfs  median_TEPS:               1.39663e+09
bfs  thirdquartile_TEPS:        1.42627e+09
bfs  max_TEPS:                  1.43949e+09
bfs  harmonic_mean_TEPS:     !  1.36111e+09
bfs  harmonic_stddev_TEPS:      5.66924e+07
bfs  min_validate:              3.87415
bfs  firstquartile_validate:    3.87897
bfs  median_validate:           3.97131
bfs  thirdquartile_validate:    4.06302
bfs  max_validate:              4.0672
bfs  mean_validate:             3.97099
bfs  stddev_validate:           0.106387
