graph_generation:               10.704330 s
construction_time:              3.917377 s
Round: 0, state: 0, time: 0.000
Round: 1, state: 0, time: 0.005
Round: 2, state: 1, time: 0.030
Round: 3, state: 1, time: 0.016
Round: 4, state: 1, time: 0.012
Round: 5, state: 1, time: 0.012
Round: 6, state: 1, time: 0.012
asd123www: Running BFS 0
Round: 0, state: 0, time: 0.000
Round: 1, state: 0, time: 0.005
Round: 2, state: 1, time: 0.030
Round: 3, state: 1, time: 0.016
Round: 4, state: 1, time: 0.012
Round: 5, state: 1, time: 0.012
Round: 6, state: 1, time: 0.012
Time for BFS 0 is 0.092817
TEPS for BFS 0 is 1.44601e+09
Validating BFS 0
Validate time for BFS 0 is 4.008909
asd123www: Running BFS 1
Round: 0, state: 0, time: 0.000
Round: 1, state: 0, time: 0.000
Round: 2, state: 0, time: 0.009
Round: 3, state: 1, time: 0.027
Round: 4, state: 1, time: 0.014
Round: 5, state: 1, time: 0.012
Round: 6, state: 1, time: 0.012
Round: 7, state: 1, time: 0.012
Time for BFS 1 is 0.094216
TEPS for BFS 1 is 1.42453e+09
Validating BFS 1
Validate time for BFS 1 is 3.961185
asd123www: Running BFS 2
Round: 0, state: 0, time: 0.000
Round: 1, state: 0, time: 0.000
Round: 2, state: 1, time: 0.035
Round: 3, state: 1, time: 0.020
Round: 4, state: 1, time: 0.012
Round: 5, state: 1, time: 0.012
Round: 6, state: 1, time: 0.011
Time for BFS 2 is 0.096320
TEPS for BFS 2 is 1.39341e+09
Validating BFS 2
Validate time for BFS 2 is 3.810508
asd123www: Running BFS 3
Round: 0, state: 0, time: 0.000
Round: 1, state: 0, time: 0.000
Round: 2, state: 0, time: 0.027
Round: 3, state: 1, time: 0.023
Round: 4, state: 1, time: 0.013
Round: 5, state: 1, time: 0.011
Round: 6, state: 1, time: 0.011
Round: 7, state: 1, time: 0.011
Time for BFS 3 is 0.107225
TEPS for BFS 3 is 1.25171e+09
Validating BFS 3
Validate time for BFS 3 is 3.800503
SCALE:                          23
edgefactor:                     16
NBFS:                           4
graph_generation:               10.7043
num_mpi_processes:              8
construction_time:              3.91738
bfs  min_time:                  0.0928166
bfs  firstquartile_time:        0.0935163
bfs  median_time:               0.0952682
bfs  thirdquartile_time:        0.101773
bfs  max_time:                  0.107225
bfs  mean_time:                 0.0976444
bfs  stddev_time:               0.00654717
min_nedge:                      134213828
firstquartile_nedge:            134213828
median_nedge:                   134213828
thirdquartile_nedge:            134213828
max_nedge:                      134213828
mean_nedge:                     134213828
stddev_nedge:                   0
bfs  min_TEPS:                  1.25171e+09
bfs  firstquartile_TEPS:        1.31876e+09
bfs  median_TEPS:               1.4088e+09
bfs  thirdquartile_TEPS:        1.43519e+09
bfs  max_TEPS:                  1.44601e+09
bfs  harmonic_mean_TEPS:     !  1.37452e+09
bfs  harmonic_stddev_TEPS:      5.32102e+07
bfs  min_validate:              3.8005
bfs  firstquartile_validate:    3.80551
bfs  median_validate:           3.88585
bfs  thirdquartile_validate:    3.98505
bfs  max_validate:              4.00891
bfs  mean_validate:             3.89528
bfs  stddev_validate:           0.105552
