graph_generation:               10.693114 s
construction_time:              3.597529 s
Round: 0, state: 0, time: 0.000
Round: 1, state: 0, time: 0.005
Round: 2, state: 1, time: 0.030
Round: 3, state: 1, time: 0.015
Round: 4, state: 1, time: 0.012
Round: 5, state: 1, time: 0.011
Round: 6, state: 1, time: 0.012
asd123www: Running BFS 0
Round: 0, state: 0, time: 0.000
Round: 1, state: 0, time: 0.005
Round: 2, state: 1, time: 0.030
Round: 3, state: 1, time: 0.015
Round: 4, state: 1, time: 0.012
Round: 5, state: 1, time: 0.011
Round: 6, state: 1, time: 0.011
Time for BFS 0 is 0.090783
TEPS for BFS 0 is 1.4784e+09
Validating BFS 0
Validate time for BFS 0 is 3.974997
asd123www: Running BFS 1
Round: 0, state: 0, time: 0.000
Round: 1, state: 0, time: 0.000
Round: 2, state: 0, time: 0.009
Round: 3, state: 1, time: 0.027
Round: 4, state: 1, time: 0.015
Round: 5, state: 1, time: 0.012
Round: 6, state: 1, time: 0.012
Round: 7, state: 1, time: 0.012
Time for BFS 1 is 0.095408
TEPS for BFS 1 is 1.40674e+09
Validating BFS 1
Validate time for BFS 1 is 4.056926
asd123www: Running BFS 2
Round: 0, state: 0, time: 0.000
Round: 1, state: 0, time: 0.000
Round: 2, state: 0, time: 0.127
Round: 3, state: 1, time: 0.021
Round: 4, state: 1, time: 0.012
Round: 5, state: 1, time: 0.012
Round: 6, state: 1, time: 0.012
Time for BFS 2 is 0.195575
TEPS for BFS 2 is 6.86252e+08
Validating BFS 2
Validate time for BFS 2 is 4.100634
asd123www: Running BFS 3
Round: 0, state: 0, time: 0.000
Round: 1, state: 0, time: 0.000
Round: 2, state: 0, time: 0.030
Round: 3, state: 1, time: 0.024
Round: 4, state: 1, time: 0.013
Round: 5, state: 1, time: 0.012
Round: 6, state: 1, time: 0.012
Round: 7, state: 1, time: 0.012
Time for BFS 3 is 0.114060
TEPS for BFS 3 is 1.1767e+09
Validating BFS 3
Validate time for BFS 3 is 4.075278
SCALE:                          23
edgefactor:                     16
NBFS:                           4
graph_generation:               10.6931
num_mpi_processes:              8
construction_time:              3.59753
bfs  min_time:                  0.0907834
bfs  firstquartile_time:        0.0930955
bfs  median_time:               0.104734
bfs  thirdquartile_time:        0.154817
bfs  max_time:                  0.195575
bfs  mean_time:                 0.123956
bfs  stddev_time:               0.0487943
min_nedge:                      134213828
firstquartile_nedge:            134213828
median_nedge:                   134213828
thirdquartile_nedge:            134213828
max_nedge:                      134213828
mean_nedge:                     134213828
stddev_nedge:                   0
bfs  min_TEPS:                  6.86252e+08
bfs  firstquartile_TEPS:        8.66917e+08
bfs  median_TEPS:               1.28148e+09
bfs  thirdquartile_TEPS:        1.44168e+09
bfs  max_TEPS:                  1.4784e+09
bfs  harmonic_mean_TEPS:     !  1.08275e+09
bfs  harmonic_stddev_TEPS:      2.46075e+08
bfs  min_validate:              3.975
bfs  firstquartile_validate:    4.01596
bfs  median_validate:           4.0661
bfs  thirdquartile_validate:    4.08796
bfs  max_validate:              4.10063
bfs  mean_validate:             4.05196
bfs  stddev_validate:           0.0543473
