graph_generation:               10.693133 s
construction_time:              3.649103 s
Round: 0, state: 0, time: 0.000
Round: 1, state: 0, time: 0.005
Round: 2, state: 1, time: 0.030
Round: 3, state: 1, time: 0.015
Round: 4, state: 1, time: 0.012
Round: 5, state: 1, time: 0.011
Round: 6, state: 1, time: 0.011
asd123www: Running BFS 0
Round: 0, state: 0, time: 0.000
Round: 1, state: 0, time: 0.005
Round: 2, state: 1, time: 0.031
Round: 3, state: 1, time: 0.016
Round: 4, state: 1, time: 0.011
Round: 5, state: 1, time: 0.012
Round: 6, state: 1, time: 0.012
Time for BFS 0 is 0.092450
TEPS for BFS 0 is 1.45175e+09
Validating BFS 0
Validate time for BFS 0 is 4.040032
asd123www: Running BFS 1
Round: 0, state: 0, time: 0.000
Round: 1, state: 0, time: 0.000
Round: 2, state: 0, time: 0.009
Round: 3, state: 1, time: 0.026
Round: 4, state: 1, time: 0.014
Round: 5, state: 1, time: 0.012
Round: 6, state: 1, time: 0.012
Round: 7, state: 1, time: 0.012
Time for BFS 1 is 0.094566
TEPS for BFS 1 is 1.41926e+09
Validating BFS 1
Validate time for BFS 1 is 4.067619
asd123www: Running BFS 2
Round: 0, state: 0, time: 0.000
Round: 1, state: 0, time: 0.000
Round: 2, state: 1, time: 0.036
Round: 3, state: 1, time: 0.021
Round: 4, state: 1, time: 0.012
Round: 5, state: 1, time: 0.012
Round: 6, state: 1, time: 0.012
Time for BFS 2 is 0.098328
TEPS for BFS 2 is 1.36496e+09
Validating BFS 2
Validate time for BFS 2 is 4.075617
asd123www: Running BFS 3
Round: 0, state: 0, time: 0.000
Round: 1, state: 0, time: 0.000
Round: 2, state: 0, time: 0.028
Round: 3, state: 1, time: 0.024
Round: 4, state: 1, time: 0.013
Round: 5, state: 1, time: 0.012
Round: 6, state: 1, time: 0.011
Round: 7, state: 1, time: 0.011
Time for BFS 3 is 0.110001
TEPS for BFS 3 is 1.22012e+09
Validating BFS 3
Validate time for BFS 3 is 4.055540
SCALE:                          23
edgefactor:                     16
NBFS:                           4
graph_generation:               10.6931
num_mpi_processes:              8
construction_time:              3.6491
bfs  min_time:                  0.0924499
bfs  firstquartile_time:        0.093508
bfs  median_time:               0.0964472
bfs  thirdquartile_time:        0.104165
bfs  max_time:                  0.110001
bfs  mean_time:                 0.0988363
bfs  stddev_time:               0.00782998
min_nedge:                      134213828
firstquartile_nedge:            134213828
median_nedge:                   134213828
thirdquartile_nedge:            134213828
max_nedge:                      134213828
mean_nedge:                     134213828
stddev_nedge:                   0
bfs  min_TEPS:                  1.22012e+09
bfs  firstquartile_TEPS:        1.28848e+09
bfs  median_TEPS:               1.39158e+09
bfs  thirdquartile_TEPS:        1.43532e+09
bfs  max_TEPS:                  1.45175e+09
bfs  harmonic_mean_TEPS:     !  1.35794e+09
bfs  harmonic_stddev_TEPS:      6.21104e+07
bfs  min_validate:              4.04003
bfs  firstquartile_validate:    4.04779
bfs  median_validate:           4.06158
bfs  thirdquartile_validate:    4.07162
bfs  max_validate:              4.07562
bfs  mean_validate:             4.0597
bfs  stddev_validate:           0.0154943
