graph_generation:               10.688603 s
construction_time:              3.592974 s
Round: 0, state: 0, time: 0.000
Round: 1, state: 0, time: 0.005
Round: 2, state: 1, time: 0.030
Round: 3, state: 1, time: 0.015
Round: 4, state: 1, time: 0.012
Round: 5, state: 1, time: 0.012
Round: 6, state: 1, time: 0.011
asd123www: Running BFS 0
Round: 0, state: 0, time: 0.000
Round: 1, state: 0, time: 0.005
Round: 2, state: 1, time: 0.030
Round: 3, state: 1, time: 0.015
Round: 4, state: 1, time: 0.012
Round: 5, state: 1, time: 0.012
Round: 6, state: 1, time: 0.011
Time for BFS 0 is 0.090889
TEPS for BFS 0 is 1.47667e+09
Validating BFS 0
Validate time for BFS 0 is 3.971992
asd123www: Running BFS 1
Round: 0, state: 0, time: 0.000
Round: 1, state: 0, time: 0.000
Round: 2, state: 0, time: 0.010
Round: 3, state: 1, time: 0.027
Round: 4, state: 1, time: 0.014
Round: 5, state: 1, time: 0.012
Round: 6, state: 1, time: 0.012
Round: 7, state: 1, time: 0.011
Time for BFS 1 is 0.094230
TEPS for BFS 1 is 1.42432e+09
Validating BFS 1
Validate time for BFS 1 is 4.052931
asd123www: Running BFS 2
Round: 0, state: 0, time: 0.000
Round: 1, state: 0, time: 0.000
Round: 2, state: 0, time: 0.127
Round: 3, state: 1, time: 0.020
Round: 4, state: 1, time: 0.012
Round: 5, state: 1, time: 0.012
Round: 6, state: 1, time: 0.011
Time for BFS 2 is 0.195348
TEPS for BFS 2 is 6.87049e+08
Validating BFS 2
Validate time for BFS 2 is 4.088210
asd123www: Running BFS 3
Round: 0, state: 0, time: 0.000
Round: 1, state: 0, time: 0.000
Round: 2, state: 0, time: 0.030
Round: 3, state: 1, time: 0.025
Round: 4, state: 1, time: 0.013
Round: 5, state: 1, time: 0.012
Round: 6, state: 1, time: 0.012
Round: 7, state: 1, time: 0.012
Time for BFS 3 is 0.114369
TEPS for BFS 3 is 1.17352e+09
Validating BFS 3
Validate time for BFS 3 is 4.072129
SCALE:                          23
edgefactor:                     16
NBFS:                           4
graph_generation:               10.6886
num_mpi_processes:              8
construction_time:              3.59297
bfs  min_time:                  0.0908895
bfs  firstquartile_time:        0.0925597
bfs  median_time:               0.104299
bfs  thirdquartile_time:        0.154859
bfs  max_time:                  0.195348
bfs  mean_time:                 0.123709
bfs  stddev_time:               0.0488725
min_nedge:                      134213828
firstquartile_nedge:            134213828
median_nedge:                   134213828
thirdquartile_nedge:            134213828
max_nedge:                      134213828
mean_nedge:                     134213828
stddev_nedge:                   0
bfs  min_TEPS:                  6.87049e+08
bfs  firstquartile_TEPS:        8.66686e+08
bfs  median_TEPS:               1.28681e+09
bfs  thirdquartile_TEPS:        1.45002e+09
bfs  max_TEPS:                  1.47667e+09
bfs  harmonic_mean_TEPS:     !  1.08491e+09
bfs  harmonic_stddev_TEPS:      2.47456e+08
bfs  min_validate:              3.97199
bfs  firstquartile_validate:    4.01246
bfs  median_validate:           4.06253
bfs  thirdquartile_validate:    4.08017
bfs  max_validate:              4.08821
bfs  mean_validate:             4.04632
bfs  stddev_validate:           0.051605
