graph_generation:               10.682644 s
construction_time:              3.590339 s
Round: 0, state: 0, time: 0.000
Round: 1, state: 0, time: 0.005
Round: 2, state: 1, time: 0.030
Round: 3, state: 1, time: 0.015
Round: 4, state: 1, time: 0.012
Round: 5, state: 2, time: 0.000
Round: 6, state: 2, time: 0.000
asd123www: Running BFS 0
Round: 0, state: 0, time: 0.000
Round: 1, state: 0, time: 0.005
Round: 2, state: 1, time: 0.030
Round: 3, state: 1, time: 0.015
Round: 4, state: 1, time: 0.012
Round: 5, state: 2, time: 0.000
Round: 6, state: 2, time: 0.000
Time for BFS 0 is 0.068894
TEPS for BFS 0 is 1.94811e+09
Validating BFS 0
Validate time for BFS 0 is 3.820408
asd123www: Running BFS 1
Round: 0, state: 0, time: 0.000
Round: 1, state: 0, time: 0.000
Round: 2, state: 0, time: 0.009
Round: 3, state: 1, time: 0.026
Round: 4, state: 1, time: 0.014
Round: 5, state: 1, time: 0.011
Round: 6, state: 2, time: 0.000
Round: 7, state: 2, time: 0.000
Time for BFS 1 is 0.069658
TEPS for BFS 1 is 1.92677e+09
Validating BFS 1
Validate time for BFS 1 is 3.825273
asd123www: Running BFS 2
Round: 0, state: 0, time: 0.000
Round: 1, state: 0, time: 0.000
Round: 2, state: 1, time: 0.035
Round: 3, state: 1, time: 0.020
Round: 4, state: 1, time: 0.012
Round: 5, state: 2, time: 0.000
Round: 6, state: 2, time: 0.000
Time for BFS 2 is 0.073465
TEPS for BFS 2 is 1.82691e+09
Validating BFS 2
Validate time for BFS 2 is 3.819572
asd123www: Running BFS 3
Round: 0, state: 0, time: 0.000
Round: 1, state: 0, time: 0.000
Round: 2, state: 0, time: 0.026
Round: 3, state: 1, time: 0.023
Round: 4, state: 1, time: 0.013
Round: 5, state: 1, time: 0.012
Round: 6, state: 2, time: 0.000
Round: 7, state: 2, time: 0.000
Time for BFS 3 is 0.083193
TEPS for BFS 3 is 1.61328e+09
Validating BFS 3
Validate time for BFS 3 is 3.832739
SCALE:                          23
edgefactor:                     16
NBFS:                           4
graph_generation:               10.6826
num_mpi_processes:              8
construction_time:              3.59034
bfs  min_time:                  0.0688944
bfs  firstquartile_time:        0.069276
bfs  median_time:               0.0715613
bfs  thirdquartile_time:        0.0783291
bfs  max_time:                  0.0831931
bfs  mean_time:                 0.0738025
bfs  stddev_time:               0.00657182
min_nedge:                      134213828
firstquartile_nedge:            134213828
median_nedge:                   134213828
thirdquartile_nedge:            134213828
max_nedge:                      134213828
mean_nedge:                     134213828
stddev_nedge:                   0
bfs  min_TEPS:                  1.61328e+09
bfs  firstquartile_TEPS:        1.71346e+09
bfs  median_TEPS:               1.87551e+09
bfs  thirdquartile_TEPS:        1.93738e+09
bfs  max_TEPS:                  1.94811e+09
bfs  harmonic_mean_TEPS:     !  1.81855e+09
bfs  harmonic_stddev_TEPS:      9.34932e+07
bfs  min_validate:              3.81957
bfs  firstquartile_validate:    3.81999
bfs  median_validate:           3.82284
bfs  thirdquartile_validate:    3.82901
bfs  max_validate:              3.83274
bfs  mean_validate:             3.8245
bfs  stddev_validate:           0.00604168
