graph_generation:               21.673323 s
process: 0 vertical: 2097153 edge: 67958077
process: 5 vertical: 2097152 edge: 67309092
process: 3 vertical: 2097152 edge: 67779248
process: 6 vertical: 2097152 edge: 66436850
process: 2 vertical: 2097152 edge: 66446031
process: 7 vertical: 2097152 edge: 66600905
process: 4 vertical: 2097152 edge: 67215106
process: 1 vertical: 2097152 edge: 67119883
construction_time:              12.504097 s
Round: 0, pts: 8
Round: 1, pts: 33720
Round: 2, pts: 5895840
Round: 3, pts: 2917715
Round: 4, pts: 17771
Round: 5, pts: 42
Round: 6, pts: 1
Round: 7, pts: 0
asd123www: Running BFS 0
Round: 0, pts: 8
Round: 1, pts: 33720
Round: 2, pts: 5895840
Round: 3, pts: 2917715
Round: 4, pts: 17771
Round: 5, pts: 42
Round: 6, pts: 1
Round: 7, pts: 0
Time for BFS 0 is 5.848944
TEPS for BFS 0 is 4.58937e+07
Validating BFS 0
Validate time for BFS 0 is 95.284555
asd123www: Running BFS 1
Round: 0, pts: 4
Round: 1, pts: 3967
Round: 2, pts: 3375356
Round: 3, pts: 5409818
Round: 4, pts: 75737
Round: 5, pts: 213
Round: 6, pts: 2
Round: 7, pts: 0
Time for BFS 1 is 8.455719
TEPS for BFS 1 is 3.17453e+07
Validating BFS 1
Validate time for BFS 1 is 89.660805
asd123www: Running BFS 2
Round: 0, pts: 1
Round: 1, pts: 737
Round: 2, pts: 1397635
srun: Job step aborted: Waiting up to 32 seconds for job step to finish.
slurmstepd: error: *** JOB 157511 ON cu01 CANCELLED AT 2022-05-25T21:30:32 DUE TO TIME LIMIT ***
slurmstepd: error: *** STEP 157511.0 ON cu01 CANCELLED AT 2022-05-25T21:30:32 DUE TO TIME LIMIT ***
