graph_generation:               10.707432 s
process: 0 vertical: 1048577 edge: 33752627
process: 2 vertical: 1048576 edge: 33419997
process: 6 vertical: 1048576 edge: 33239670
process: 7 vertical: 1048576 edge: 33323974
process: 3 vertical: 1048576 edge: 34064733
process: 5 vertical: 1048576 edge: 33577688
process: 4 vertical: 1048576 edge: 33710460
process: 1 vertical: 1048576 edge: 33341611
construction_time:              5.272093 s
Round: 0, pts: 50, time: 0.000
      valid/all: 50/50 
Round: 1, pts: 197446, time: 0.004
      valid/all: 197446/355613 
Round: 2, pts: 3938017, time: 0.632
      valid/all: 3938017/162580558 
Round: 3, pts: 469785, time: 0.470
      valid/all: 469785/104895143 
Round: 4, pts: 1799, time: 0.008
      valid/all: 1799/594484 
Round: 5, pts: 3, time: 0.000
      valid/all: 3/1805 
Round: 6, pts: 0, time: 0.000
      valid/all: 0/3 
asd123www: Running BFS 0
Round: 0, pts: 50, time: 0.000
      valid/all: 50/50 
Round: 1, pts: 197446, time: 0.004
      valid/all: 197446/355613 
Round: 2, pts: 3938017, time: 0.637
      valid/all: 3938017/162580558 
Round: 3, pts: 469785, time: 0.472
      valid/all: 469785/104895143 
Round: 4, pts: 1799, time: 0.008
      valid/all: 1799/594484 
Round: 5, pts: 3, time: 0.000
      valid/all: 3/1805 
Round: 6, pts: 0, time: 0.000
      valid/all: 0/3 
Time for BFS 0 is 1.122129
TEPS for BFS 0 is 1.19606e+08
Validating BFS 0
Validate time for BFS 0 is 12.980189
asd123www: Running BFS 1
Round: 0, pts: 1, time: 0.000
      valid/all: 1/1 
Round: 1, pts: 146, time: 0.000
      valid/all: 146/147 
Round: 2, pts: 412559, time: 0.007
      valid/all: 412559/1004346 
Round: 3, pts: 3929201, time: 0.775
      valid/all: 3929201/199655652 
Round: 4, pts: 264298, time: 0.344
      valid/all: 264298/67464416 
Round: 5, pts: 894, time: 0.004
      valid/all: 894/302198 
Round: 6, pts: 1, time: 0.000
      valid/all: 1/895 
Round: 7, pts: 0, time: 0.000
      valid/all: 0/1 
Time for BFS 1 is 1.131852
TEPS for BFS 1 is 1.18579e+08
Validating BFS 1
Validate time for BFS 1 is 15.287117
asd123www: Running BFS 2
Round: 0, pts: 6, time: 0.000
      valid/all: 6/6 
Round: 1, pts: 3979, time: 0.000
      valid/all: 3979/4164 
Round: 2, pts: 2085089, time: 0.096
      valid/all: 2085089/20274622 
Round: 3, pts: 2489174, time: 0.987
      valid/all: 2489174/238750809 
Round: 4, pts: 28772, time: 0.078
      valid/all: 28772/9368725 
Round: 5, pts: 80, time: 0.000
      valid/all: 80/29250 
Round: 6, pts: 0, time: 0.000
      valid/all: 0/80 
Time for BFS 2 is 1.162992
TEPS for BFS 2 is 1.15404e+08
Validating BFS 2
Validate time for BFS 2 is 18.377653
asd123www: Running BFS 3
Round: 0, pts: 1, time: 0.000
      valid/all: 1/1 
Round: 1, pts: 473, time: 0.001
      valid/all: 473/479 
Round: 2, pts: 902664, time: 0.053
      valid/all: 902664/3615033 
Round: 3, pts: 3587697, time: 1.135
      valid/all: 3587697/231264334 
Round: 4, pts: 115907, time: 0.201
      valid/all: 115907/33424353 
Round: 5, pts: 357, time: 0.001
      valid/all: 357/123097 
Round: 6, pts: 1, time: 0.000
      valid/all: 1/358 
Round: 7, pts: 0, time: 0.000
      valid/all: 0/1 
Time for BFS 3 is 1.392727
TEPS for BFS 3 is 9.63677e+07
Validating BFS 3
Validate time for BFS 3 is 19.390657
SCALE:                          23
edgefactor:                     16
NBFS:                           4
graph_generation:               10.7074
num_mpi_processes:              8
construction_time:              5.27209
bfs  min_time:                  1.12213
bfs  firstquartile_time:        1.12699
bfs  median_time:               1.14742
bfs  thirdquartile_time:        1.27786
bfs  max_time:                  1.39273
bfs  mean_time:                 1.20242
bfs  stddev_time:               0.128059
min_nedge:                      134213828
firstquartile_nedge:            134213828
median_nedge:                   134213828
thirdquartile_nedge:            134213828
max_nedge:                      134213828
mean_nedge:                     134213828
stddev_nedge:                   0
bfs  min_TEPS:                  9.63677e+07
bfs  firstquartile_TEPS:        1.0503e+08
bfs  median_TEPS:               1.1697e+08
bfs  thirdquartile_TEPS:        1.1909e+08
bfs  max_TEPS:                  1.19606e+08
bfs  harmonic_mean_TEPS:     !  1.11619e+08
bfs  harmonic_stddev_TEPS:      6.86329e+06
bfs  min_validate:              12.9802
bfs  firstquartile_validate:    14.1337
bfs  median_validate:           16.8324
bfs  thirdquartile_validate:    18.8842
bfs  max_validate:              19.3907
bfs  mean_validate:             16.5089
bfs  stddev_validate:           2.92924
