graph_generation:               21.979769 s
construction_time:              8.232477 s
Round: 0, state: 0, time: 0.000
Round: 1, state: 0, time: 0.001
Round: 2, state: 1, time: 0.068
Round: 3, state: 1, time: 0.037
Round: 4, state: 1, time: 0.025
Round: 5, state: 2, time: 0.000
Round: 6, state: 2, time: 0.000
Round: 7, state: 2, time: 0.000
asd123www: Running BFS 0
Round: 0, state: 0, time: 0.000
Round: 1, state: 0, time: 0.001
Round: 2, state: 1, time: 0.069
Round: 3, state: 1, time: 0.037
Round: 4, state: 1, time: 0.025
Round: 5, state: 2, time: 0.000
Round: 6, state: 2, time: 0.000
Round: 7, state: 2, time: 0.000
Time for BFS 0 is 0.142866
TEPS for BFS 0 is 1.87889e+09
Validating BFS 0
Validate time for BFS 0 is 8.426932
asd123www: Running BFS 1
Round: 0, state: 0, time: 0.000
Round: 1, state: 0, time: 0.000
Round: 2, state: 1, time: 0.073
Round: 3, state: 1, time: 0.042
Round: 4, state: 1, time: 0.025
Round: 5, state: 2, time: 0.001
Round: 6, state: 2, time: 0.000
Round: 7, state: 2, time: 0.000
Time for BFS 1 is 0.152204
TEPS for BFS 1 is 1.76361e+09
Validating BFS 1
Validate time for BFS 1 is 8.162987
asd123www: Running BFS 2
Round: 0, state: 0, time: 0.000
Round: 1, state: 0, time: 0.000
Round: 2, state: 0, time: 0.038
Round: 3, state: 1, time: 0.048
Round: 4, state: 1, time: 0.027
Round: 5, state: 1, time: 0.024
Round: 6, state: 2, time: 0.000
Round: 7, state: 2, time: 0.000
Time for BFS 2 is 0.156569
TEPS for BFS 2 is 1.71445e+09
Validating BFS 2
Validate time for BFS 2 is 8.132381
asd123www: Running BFS 3
Round: 0, state: 0, time: 0.000
Round: 1, state: 0, time: 0.000
Round: 2, state: 0, time: 0.048
Round: 3, state: 1, time: 0.048
Round: 4, state: 1, time: 0.027
Round: 5, state: 1, time: 0.024
Round: 6, state: 2, time: 0.000
Round: 7, state: 2, time: 0.000
Time for BFS 3 is 0.167013
TEPS for BFS 3 is 1.60724e+09
Validating BFS 3
Validate time for BFS 3 is 8.395622
SCALE:                          24
edgefactor:                     16
NBFS:                           4
graph_generation:               21.9798
num_mpi_processes:              8
construction_time:              8.23248
bfs  min_time:                  0.142866
bfs  firstquartile_time:        0.147535
bfs  median_time:               0.154386
bfs  thirdquartile_time:        0.161791
bfs  max_time:                  0.167013
bfs  mean_time:                 0.154663
bfs  stddev_time:               0.0100227
min_nedge:                      268429687
firstquartile_nedge:            268429687
median_nedge:                   268429687
thirdquartile_nedge:            268429687
max_nedge:                      268429687
mean_nedge:                     268429687
stddev_nedge:                   0
bfs  min_TEPS:                  1.60724e+09
bfs  firstquartile_TEPS:        1.65912e+09
bfs  median_TEPS:               1.73869e+09
bfs  thirdquartile_TEPS:        1.81943e+09
bfs  max_TEPS:                  1.87889e+09
bfs  harmonic_mean_TEPS:     !  1.73558e+09
bfs  harmonic_stddev_TEPS:      6.49354e+07
bfs  min_validate:              8.13238
bfs  firstquartile_validate:    8.14768
bfs  median_validate:           8.2793
bfs  thirdquartile_validate:    8.41128
bfs  max_validate:              8.42693
bfs  mean_validate:             8.27948
bfs  stddev_validate:           0.153232
