graph_generation:               21.958872 s
construction_time:              8.187103 s
Round: 0, state: 0, time: 0.000
Round: 1, state: 0, time: 0.002
Round: 2, state: 1, time: 0.069
Round: 3, state: 1, time: 0.038
Round: 4, state: 1, time: 0.025
Round: 5, state: 2, time: 0.000
Round: 6, state: 2, time: 0.000
Round: 7, state: 2, time: 0.000
asd123www: Running BFS 0
Round: 0, state: 0, time: 0.000
Round: 1, state: 0, time: 0.001
Round: 2, state: 1, time: 0.069
Round: 3, state: 1, time: 0.038
Round: 4, state: 1, time: 0.025
Round: 5, state: 2, time: 0.000
Round: 6, state: 2, time: 0.000
Round: 7, state: 2, time: 0.000
Time for BFS 0 is 0.144852
TEPS for BFS 0 is 1.85313e+09
Validating BFS 0
Validate time for BFS 0 is 8.411145
asd123www: Running BFS 1
Round: 0, state: 0, time: 0.000
Round: 1, state: 0, time: 0.000
Round: 2, state: 1, time: 0.074
Round: 3, state: 1, time: 0.042
Round: 4, state: 1, time: 0.025
Round: 5, state: 2, time: 0.001
Round: 6, state: 2, time: 0.000
Round: 7, state: 2, time: 0.000
Time for BFS 1 is 0.153532
TEPS for BFS 1 is 1.74836e+09
Validating BFS 1
Validate time for BFS 1 is 8.443027
asd123www: Running BFS 2
Round: 0, state: 0, time: 0.000
Round: 1, state: 0, time: 0.000
Round: 2, state: 0, time: 0.042
Round: 3, state: 1, time: 0.049
Round: 4, state: 1, time: 0.027
Round: 5, state: 1, time: 0.024
Round: 6, state: 2, time: 0.000
Round: 7, state: 2, time: 0.000
Time for BFS 2 is 0.161525
TEPS for BFS 2 is 1.66185e+09
Validating BFS 2
Validate time for BFS 2 is 8.434955
asd123www: Running BFS 3
Round: 0, state: 0, time: 0.000
Round: 1, state: 0, time: 0.000
Round: 2, state: 0, time: 0.051
Round: 3, state: 1, time: 0.048
Round: 4, state: 1, time: 0.027
Round: 5, state: 1, time: 0.024
Round: 6, state: 2, time: 0.000
Round: 7, state: 2, time: 0.000
Time for BFS 3 is 0.170864
TEPS for BFS 3 is 1.57101e+09
Validating BFS 3
Validate time for BFS 3 is 8.433901
asd123www: Running BFS 4
Round: 0, state: 0, time: 0.000
Round: 1, state: 0, time: 0.027
Round: 2, state: 1, time: 0.054
Round: 3, state: 1, time: 0.029
Round: 4, state: 1, time: 0.025
Round: 5, state: 2, time: 0.000
Round: 6, state: 2, time: 0.000
Round: 7, state: 2, time: 0.000
Time for BFS 4 is 0.148730
TEPS for BFS 4 is 1.80481e+09
Validating BFS 4
Validate time for BFS 4 is 8.449707
asd123www: Running BFS 5
Round: 0, state: 0, time: 0.000
Round: 1, state: 0, time: 0.002
Round: 2, state: 1, time: 0.069
Round: 3, state: 1, time: 0.035
Round: 4, state: 1, time: 0.025
Round: 5, state: 2, time: 0.000
Round: 6, state: 2, time: 0.000
Round: 7, state: 2, time: 0.000
Time for BFS 5 is 0.142272
TEPS for BFS 5 is 1.88673e+09
Validating BFS 5
Validate time for BFS 5 is 8.427979
asd123www: Running BFS 6
Round: 0, state: 0, time: 0.000
Round: 1, state: 0, time: 0.000
Round: 2, state: 0, time: 0.144
Round: 3, state: 1, time: 0.044
Round: 4, state: 1, time: 0.025
Round: 5, state: 2, time: 0.001
Round: 6, state: 2, time: 0.000
Round: 7, state: 2, time: 0.000
Time for BFS 6 is 0.236888
TEPS for BFS 6 is 1.13315e+09
Validating BFS 6
Validate time for BFS 6 is 8.454144
asd123www: Running BFS 7
Round: 0, state: 0, time: 0.000
Round: 1, state: 0, time: 0.010
Round: 2, state: 1, time: 0.068
Round: 3, state: 1, time: 0.033
Round: 4, state: 1, time: 0.024
Round: 5, state: 2, time: 0.000
Round: 6, state: 2, time: 0.000
Round: 7, state: 2, time: 0.000
Time for BFS 7 is 0.146570
TEPS for BFS 7 is 1.83141e+09
Validating BFS 7
Validate time for BFS 7 is 8.419725
asd123www: Running BFS 8
Round: 0, state: 0, time: 0.000
Round: 1, state: 0, time: 0.001
Round: 2, state: 1, time: 0.069
Round: 3, state: 1, time: 0.038
Round: 4, state: 1, time: 0.025
Round: 5, state: 2, time: 0.000
Round: 6, state: 2, time: 0.000
Round: 7, state: 2, time: 0.000
Time for BFS 8 is 0.144925
TEPS for BFS 8 is 1.8522e+09
Validating BFS 8
Validate time for BFS 8 is 8.442860
asd123www: Running BFS 9
Round: 0, state: 0, time: 0.000
Round: 1, state: 0, time: 0.000
Round: 2, state: 0, time: 0.001
Round: 3, state: 1, time: 0.069
Round: 4, state: 1, time: 0.038
Round: 5, state: 1, time: 0.024
Round: 6, state: 2, time: 0.000
Round: 7, state: 2, time: 0.000
Round: 8, state: 2, time: 0.000
Time for BFS 9 is 0.149462
TEPS for BFS 9 is 1.79597e+09
Validating BFS 9
Validate time for BFS 9 is 8.425806
asd123www: Running BFS 10
Round: 0, state: 0, time: 0.000
Round: 1, state: 0, time: 0.000
Round: 2, state: 0, time: 0.146
Round: 3, state: 1, time: 0.045
Round: 4, state: 1, time: 0.026
Round: 5, state: 2, time: 0.001
Round: 6, state: 2, time: 0.000
Round: 7, state: 2, time: 0.000
Time for BFS 10 is 0.239787
TEPS for BFS 10 is 1.11945e+09
Validating BFS 10
Validate time for BFS 10 is 8.470341
asd123www: Running BFS 11
Round: 0, state: 0, time: 0.000
Round: 1, state: 0, time: 0.005
Round: 2, state: 1, time: 0.067
Round: 3, state: 1, time: 0.033
Round: 4, state: 1, time: 0.025
Round: 5, state: 2, time: 0.000
Round: 6, state: 2, time: 0.000
Round: 7, state: 2, time: 0.000
Time for BFS 11 is 0.141926
TEPS for BFS 11 is 1.89134e+09
Validating BFS 11
Validate time for BFS 11 is 8.410152
asd123www: Running BFS 12
Round: 0, state: 0, time: 0.000
Round: 1, state: 0, time: 0.005
Round: 2, state: 1, time: 0.068
Round: 3, state: 1, time: 0.035
Round: 4, state: 1, time: 0.024
Round: 5, state: 2, time: 0.000
Round: 6, state: 2, time: 0.000
Round: 7, state: 2, time: 0.000
Time for BFS 12 is 0.144358
TEPS for BFS 12 is 1.85947e+09
Validating BFS 12
Validate time for BFS 12 is 8.416036
asd123www: Running BFS 13
Round: 0, state: 0, time: 0.000
Round: 1, state: 0, time: 0.000
Round: 2, state: 0, time: 0.069
Round: 3, state: 1, time: 0.048
Round: 4, state: 1, time: 0.027
Round: 5, state: 1, time: 0.024
Round: 6, state: 2, time: 0.000
Round: 7, state: 2, time: 0.000
Time for BFS 13 is 0.188022
TEPS for BFS 13 is 1.42765e+09
Validating BFS 13
Validate time for BFS 13 is 8.461735
asd123www: Running BFS 14
Round: 0, state: 0, time: 0.000
Round: 1, state: 0, time: 0.010
Round: 2, state: 1, time: 0.070
Round: 3, state: 1, time: 0.034
Round: 4, state: 1, time: 0.024
Round: 5, state: 2, time: 0.000
Round: 6, state: 2, time: 0.000
Round: 7, state: 2, time: 0.000
Time for BFS 14 is 0.151196
TEPS for BFS 14 is 1.77537e+09
Validating BFS 14
Validate time for BFS 14 is 8.415819
asd123www: Running BFS 15
Round: 0, state: 0, time: 0.000
Round: 1, state: 0, time: 0.001
Round: 2, state: 1, time: 0.069
Round: 3, state: 1, time: 0.039
Round: 4, state: 1, time: 0.025
Round: 5, state: 2, time: 0.000
Round: 6, state: 2, time: 0.000
Round: 7, state: 2, time: 0.000
Time for BFS 15 is 0.145995
TEPS for BFS 15 is 1.83863e+09
Validating BFS 15
Validate time for BFS 15 is 8.430436
asd123www: Running BFS 16
Round: 0, state: 0, time: 0.000
Round: 1, state: 0, time: 0.000
Round: 2, state: 1, time: 0.073
Round: 3, state: 1, time: 0.042
Round: 4, state: 1, time: 0.025
Round: 5, state: 2, time: 0.001
Round: 6, state: 2, time: 0.000
Round: 7, state: 2, time: 0.000
Time for BFS 16 is 0.151894
TEPS for BFS 16 is 1.76722e+09
Validating BFS 16
Validate time for BFS 16 is 8.436414
asd123www: Running BFS 17
Round: 0, state: 0, time: 0.000
Round: 1, state: 0, time: 0.028
Round: 2, state: 1, time: 0.053
Round: 3, state: 1, time: 0.030
Round: 4, state: 1, time: 0.024
Round: 5, state: 2, time: 0.000
Round: 6, state: 2, time: 0.000
Time for BFS 17 is 0.149130
TEPS for BFS 17 is 1.79998e+09
Validating BFS 17
Validate time for BFS 17 is 8.423334
asd123www: Running BFS 18
Round: 0, state: 0, time: 0.000
Round: 1, state: 0, time: 0.000
Round: 2, state: 1, time: 0.072
Round: 3, state: 1, time: 0.041
Round: 4, state: 1, time: 0.025
Round: 5, state: 2, time: 0.000
Round: 6, state: 2, time: 0.000
Round: 7, state: 2, time: 0.000
Time for BFS 18 is 0.150285
TEPS for BFS 18 is 1.78614e+09
Validating BFS 18
Validate time for BFS 18 is 8.462399
asd123www: Running BFS 19
Round: 0, state: 0, time: 0.000
Round: 1, state: 0, time: 0.001
Round: 2, state: 1, time: 0.069
Round: 3, state: 1, time: 0.037
Round: 4, state: 1, time: 0.025
Round: 5, state: 2, time: 0.000
Round: 6, state: 2, time: 0.000
Round: 7, state: 2, time: 0.000
Time for BFS 19 is 0.144284
TEPS for BFS 19 is 1.86043e+09
Validating BFS 19
Validate time for BFS 19 is 8.444104
asd123www: Running BFS 20
Round: 0, state: 0, time: 0.000
Round: 1, state: 0, time: 0.003
Round: 2, state: 1, time: 0.069
Round: 3, state: 1, time: 0.035
Round: 4, state: 1, time: 0.025
Round: 5, state: 2, time: 0.000
Round: 6, state: 2, time: 0.000
Time for BFS 20 is 0.143351
TEPS for BFS 20 is 1.87253e+09
Validating BFS 20
Validate time for BFS 20 is 8.418166
asd123www: Running BFS 21
Round: 0, state: 0, time: 0.000
Round: 1, state: 0, time: 0.001
Round: 2, state: 1, time: 0.069
Round: 3, state: 1, time: 0.037
Round: 4, state: 1, time: 0.024
Round: 5, state: 2, time: 0.000
Round: 6, state: 2, time: 0.000
Round: 7, state: 2, time: 0.000
Time for BFS 21 is 0.143028
TEPS for BFS 21 is 1.87677e+09
Validating BFS 21
Validate time for BFS 21 is 8.424339
asd123www: Running BFS 22
Round: 0, state: 0, time: 0.000
Round: 1, state: 0, time: 0.004
Round: 2, state: 1, time: 0.069
Round: 3, state: 1, time: 0.035
Round: 4, state: 1, time: 0.025
Round: 5, state: 2, time: 0.000
Round: 6, state: 2, time: 0.000
Round: 7, state: 2, time: 0.000
Time for BFS 22 is 0.144165
TEPS for BFS 22 is 1.86197e+09
Validating BFS 22
Validate time for BFS 22 is 8.412635
asd123www: Running BFS 23
Round: 0, state: 0, time: 0.000
Round: 1, state: 0, time: 0.015
Round: 2, state: 1, time: 0.060
Round: 3, state: 1, time: 0.031
Round: 4, state: 1, time: 0.024
Round: 5, state: 2, time: 0.000
Round: 6, state: 2, time: 0.000
Time for BFS 23 is 0.143030
TEPS for BFS 23 is 1.87673e+09
Validating BFS 23
Validate time for BFS 23 is 8.417093
asd123www: Running BFS 24
Round: 0, state: 0, time: 0.000
Round: 1, state: 0, time: 0.052
Round: 2, state: 1, time: 0.050
Round: 3, state: 1, time: 0.028
Round: 4, state: 1, time: 0.024
Round: 5, state: 2, time: 0.000
Round: 6, state: 2, time: 0.000
Time for BFS 24 is 0.167953
TEPS for BFS 24 is 1.59825e+09
Validating BFS 24
Validate time for BFS 24 is 8.472872
asd123www: Running BFS 25
Round: 0, state: 0, time: 0.000
Round: 1, state: 0, time: 0.003
Round: 2, state: 1, time: 0.070
Round: 3, state: 1, time: 0.035
Round: 4, state: 1, time: 0.025
Round: 5, state: 2, time: 0.000
Round: 6, state: 2, time: 0.000
Round: 7, state: 2, time: 0.000
Time for BFS 25 is 0.145880
TEPS for BFS 25 is 1.84008e+09
Validating BFS 25
Validate time for BFS 25 is 8.433716
asd123www: Running BFS 26
Round: 0, state: 0, time: 0.000
Round: 1, state: 0, time: 0.000
Round: 2, state: 1, time: 0.070
Round: 3, state: 1, time: 0.041
Round: 4, state: 1, time: 0.025
Round: 5, state: 2, time: 0.001
Round: 6, state: 2, time: 0.000
Round: 7, state: 2, time: 0.000
Time for BFS 26 is 0.147990
TEPS for BFS 26 is 1.81383e+09
Validating BFS 26
Validate time for BFS 26 is 8.434341
asd123www: Running BFS 27
Round: 0, state: 0, time: 0.000
Round: 1, state: 0, time: 0.001
Round: 2, state: 1, time: 0.069
Round: 3, state: 1, time: 0.039
Round: 4, state: 1, time: 0.024
Round: 5, state: 2, time: 0.000
Round: 6, state: 2, time: 0.000
Round: 7, state: 2, time: 0.000
Time for BFS 27 is 0.145107
TEPS for BFS 27 is 1.84988e+09
Validating BFS 27
Validate time for BFS 27 is 8.389799
asd123www: Running BFS 28
Round: 0, state: 0, time: 0.000
Round: 1, state: 0, time: 0.000
Round: 2, state: 0, time: 0.050
Round: 3, state: 1, time: 0.047
Round: 4, state: 1, time: 0.027
Round: 5, state: 1, time: 0.024
Round: 6, state: 2, time: 0.000
Round: 7, state: 2, time: 0.000
Time for BFS 28 is 0.166770
TEPS for BFS 28 is 1.60958e+09
Validating BFS 28
Validate time for BFS 28 is 8.157801
asd123www: Running BFS 29
Round: 0, state: 0, time: 0.000
Round: 1, state: 0, time: 0.008
Round: 2, state: 1, time: 0.066
Round: 3, state: 1, time: 0.032
Round: 4, state: 1, time: 0.025
Round: 5, state: 2, time: 0.000
Round: 6, state: 2, time: 0.000
Round: 7, state: 2, time: 0.000
Time for BFS 29 is 0.143098
TEPS for BFS 29 is 1.87584e+09
Validating BFS 29
Validate time for BFS 29 is 8.153752
asd123www: Running BFS 30
Round: 0, state: 0, time: 0.000
Round: 1, state: 0, time: 0.001
Round: 2, state: 1, time: 0.069
Round: 3, state: 1, time: 0.036
Round: 4, state: 1, time: 0.025
Round: 5, state: 2, time: 0.000
Round: 6, state: 2, time: 0.000
Round: 7, state: 2, time: 0.000
Time for BFS 30 is 0.142998
TEPS for BFS 30 is 1.87715e+09
Validating BFS 30
Validate time for BFS 30 is 8.209471
asd123www: Running BFS 31
Round: 0, state: 0, time: 0.000
Round: 1, state: 0, time: 0.000
Round: 2, state: 0, time: 0.013
Round: 3, state: 1, time: 0.058
Round: 4, state: 1, time: 0.030
Round: 5, state: 1, time: 0.025
Round: 6, state: 2, time: 0.000
Round: 7, state: 2, time: 0.000
Time for BFS 31 is 0.142909
TEPS for BFS 31 is 1.87833e+09
Validating BFS 31
Validate time for BFS 31 is 8.223270
asd123www: Running BFS 32
Round: 0, state: 0, time: 0.000
Round: 1, state: 0, time: 0.001
Round: 2, state: 1, time: 0.069
Round: 3, state: 1, time: 0.038
Round: 4, state: 1, time: 0.025
Round: 5, state: 2, time: 0.000
Round: 6, state: 2, time: 0.000
Round: 7, state: 2, time: 0.000
Time for BFS 32 is 0.144077
TEPS for BFS 32 is 1.8631e+09
Validating BFS 32
Validate time for BFS 32 is 8.107678
asd123www: Running BFS 33
Round: 0, state: 0, time: 0.000
Round: 1, state: 0, time: 0.000
Round: 2, state: 0, time: 0.127
Round: 3, state: 1, time: 0.043
Round: 4, state: 1, time: 0.025
Round: 5, state: 2, time: 0.001
Round: 6, state: 2, time: 0.000
Round: 7, state: 2, time: 0.000
Time for BFS 33 is 0.217793
TEPS for BFS 33 is 1.2325e+09
Validating BFS 33
Validate time for BFS 33 is 8.182538
asd123www: Running BFS 34
Round: 0, state: 0, time: 0.000
Round: 1, state: 0, time: 0.000
Round: 2, state: 0, time: 0.053
Round: 3, state: 1, time: 0.047
Round: 4, state: 1, time: 0.027
Round: 5, state: 1, time: 0.024
Round: 6, state: 2, time: 0.000
Round: 7, state: 2, time: 0.000
Time for BFS 34 is 0.171534
TEPS for BFS 34 is 1.56487e+09
Validating BFS 34
Validate time for BFS 34 is 8.246339
asd123www: Running BFS 35
Round: 0, state: 0, time: 0.000
Round: 1, state: 0, time: 0.000
Round: 2, state: 0, time: 0.061
Round: 3, state: 1, time: 0.046
Round: 4, state: 1, time: 0.026
Round: 5, state: 1, time: 0.024
Round: 6, state: 2, time: 0.000
Round: 7, state: 2, time: 0.000
Time for BFS 35 is 0.177949
TEPS for BFS 35 is 1.50846e+09
Validating BFS 35
Validate time for BFS 35 is 8.195902
asd123www: Running BFS 36
Round: 0, state: 0, time: 0.000
Round: 1, state: 0, time: 0.001
Round: 2, state: 1, time: 0.069
Round: 3, state: 1, time: 0.038
Round: 4, state: 1, time: 0.024
Round: 5, state: 2, time: 0.000
Round: 6, state: 2, time: 0.000
Time for BFS 36 is 0.144549
TEPS for BFS 36 is 1.85701e+09
Validating BFS 36
Validate time for BFS 36 is 8.102079
asd123www: Running BFS 37
Round: 0, state: 0, time: 0.000
Round: 1, state: 0, time: 0.000
Round: 2, state: 1, time: 0.070
Round: 3, state: 1, time: 0.040
Round: 4, state: 1, time: 0.025
Round: 5, state: 2, time: 0.000
Round: 6, state: 2, time: 0.000
Round: 7, state: 2, time: 0.000
Time for BFS 37 is 0.146559
TEPS for BFS 37 is 1.83154e+09
Validating BFS 37
Validate time for BFS 37 is 8.178392
asd123www: Running BFS 38
Round: 0, state: 0, time: 0.000
Round: 1, state: 0, time: 0.000
Round: 2, state: 0, time: 0.115
Round: 3, state: 1, time: 0.044
Round: 4, state: 1, time: 0.025
Round: 5, state: 2, time: 0.001
Round: 6, state: 2, time: 0.000
Round: 7, state: 2, time: 0.000
Time for BFS 38 is 0.206854
TEPS for BFS 38 is 1.29768e+09
Validating BFS 38
Validate time for BFS 38 is 8.215840
asd123www: Running BFS 39
Round: 0, state: 0, time: 0.000
Round: 1, state: 0, time: 0.003
Round: 2, state: 1, time: 0.069
Round: 3, state: 1, time: 0.035
Round: 4, state: 1, time: 0.024
Round: 5, state: 2, time: 0.000
Round: 6, state: 2, time: 0.000
Round: 7, state: 2, time: 0.000
Time for BFS 39 is 0.142701
TEPS for BFS 39 is 1.88106e+09
Validating BFS 39
Validate time for BFS 39 is 8.190018
asd123www: Running BFS 40
Round: 0, state: 0, time: 0.000
Round: 1, state: 0, time: 0.013
Round: 2, state: 1, time: 0.058
Round: 3, state: 1, time: 0.030
Round: 4, state: 1, time: 0.025
Round: 5, state: 2, time: 0.000
Round: 6, state: 2, time: 0.000
Round: 7, state: 2, time: 0.000
Time for BFS 40 is 0.138053
TEPS for BFS 40 is 1.94439e+09
Validating BFS 40
Validate time for BFS 40 is 8.137689
asd123www: Running BFS 41
Round: 0, state: 0, time: 0.000
Round: 1, state: 0, time: 0.001
Round: 2, state: 1, time: 0.069
Round: 3, state: 1, time: 0.038
Round: 4, state: 1, time: 0.025
Round: 5, state: 2, time: 0.000
Round: 6, state: 2, time: 0.000
Round: 7, state: 2, time: 0.000
Time for BFS 41 is 0.144993
TEPS for BFS 41 is 1.85133e+09
Validating BFS 41
Validate time for BFS 41 is 8.202924
asd123www: Running BFS 42
Round: 0, state: 0, time: 0.000
Round: 1, state: 0, time: 0.001
Round: 2, state: 1, time: 0.068
Round: 3, state: 1, time: 0.038
Round: 4, state: 1, time: 0.025
Round: 5, state: 2, time: 0.000
Round: 6, state: 2, time: 0.000
Round: 7, state: 2, time: 0.000
Time for BFS 42 is 0.143702
TEPS for BFS 42 is 1.86796e+09
Validating BFS 42
Validate time for BFS 42 is 8.248306
asd123www: Running BFS 43
Round: 0, state: 0, time: 0.000
Round: 1, state: 0, time: 0.005
Round: 2, state: 1, time: 0.063
Round: 3, state: 1, time: 0.032
Round: 4, state: 1, time: 0.024
Round: 5, state: 2, time: 0.000
Round: 6, state: 2, time: 0.000
Round: 7, state: 2, time: 0.000
Time for BFS 43 is 0.135236
TEPS for BFS 43 is 1.9849e+09
Validating BFS 43
Validate time for BFS 43 is 8.188387
asd123www: Running BFS 44
Round: 0, state: 0, time: 0.000
Round: 1, state: 0, time: 0.003
Round: 2, state: 1, time: 0.069
Round: 3, state: 1, time: 0.036
Round: 4, state: 1, time: 0.025
Round: 5, state: 2, time: 0.000
Round: 6, state: 2, time: 0.000
Round: 7, state: 2, time: 0.000
Time for BFS 44 is 0.144811
TEPS for BFS 44 is 1.85365e+09
Validating BFS 44
Validate time for BFS 44 is 8.371026
asd123www: Running BFS 45
Round: 0, state: 0, time: 0.000
Round: 1, state: 0, time: 0.000
Round: 2, state: 0, time: 0.132
Round: 3, state: 1, time: 0.044
Round: 4, state: 1, time: 0.025
Round: 5, state: 2, time: 0.001
Round: 6, state: 2, time: 0.000
Round: 7, state: 2, time: 0.000
Time for BFS 45 is 0.225091
TEPS for BFS 45 is 1.19254e+09
Validating BFS 45
Validate time for BFS 45 is 8.436382
asd123www: Running BFS 46
Round: 0, state: 0, time: 0.000
Round: 1, state: 0, time: 0.001
Round: 2, state: 1, time: 0.071
Round: 3, state: 1, time: 0.038
Round: 4, state: 1, time: 0.025
Round: 5, state: 2, time: 0.000
Round: 6, state: 2, time: 0.000
Round: 7, state: 2, time: 0.000
Time for BFS 46 is 0.147637
TEPS for BFS 46 is 1.81818e+09
Validating BFS 46
Validate time for BFS 46 is 8.419966
asd123www: Running BFS 47
Round: 0, state: 0, time: 0.000
Round: 1, state: 0, time: 0.000
Round: 2, state: 0, time: 0.133
Round: 3, state: 1, time: 0.045
Round: 4, state: 1, time: 0.026
Round: 5, state: 2, time: 0.001
Round: 6, state: 2, time: 0.000
Round: 7, state: 2, time: 0.000
Time for BFS 47 is 0.227082
TEPS for BFS 47 is 1.18208e+09
Validating BFS 47
Validate time for BFS 47 is 8.595568
asd123www: Running BFS 48
Round: 0, state: 0, time: 0.000
Round: 1, state: 0, time: 0.005
Round: 2, state: 1, time: 0.070
Round: 3, state: 1, time: 0.034
Round: 4, state: 1, time: 0.025
Round: 5, state: 2, time: 0.000
Round: 6, state: 2, time: 0.000
Round: 7, state: 2, time: 0.000
Time for BFS 48 is 0.145458
TEPS for BFS 48 is 1.84541e+09
Validating BFS 48
Validate time for BFS 48 is 8.376065
asd123www: Running BFS 49
Round: 0, state: 0, time: 0.000
Round: 1, state: 0, time: 0.002
Round: 2, state: 1, time: 0.069
Round: 3, state: 1, time: 0.038
Round: 4, state: 1, time: 0.025
Round: 5, state: 2, time: 0.000
Round: 6, state: 2, time: 0.000
Round: 7, state: 2, time: 0.000
Time for BFS 49 is 0.145301
TEPS for BFS 49 is 1.84741e+09
Validating BFS 49
Validate time for BFS 49 is 8.508189
asd123www: Running BFS 50
Round: 0, state: 0, time: 0.000
Round: 1, state: 0, time: 0.001
Round: 2, state: 1, time: 0.069
Round: 3, state: 1, time: 0.038
Round: 4, state: 1, time: 0.025
Round: 5, state: 2, time: 0.000
Round: 6, state: 2, time: 0.000
Round: 7, state: 2, time: 0.000
Time for BFS 50 is 0.144521
TEPS for BFS 50 is 1.85738e+09
Validating BFS 50
Validate time for BFS 50 is 8.414730
asd123www: Running BFS 51
Round: 0, state: 0, time: 0.000
Round: 1, state: 0, time: 0.000
Round: 2, state: 0, time: 0.008
Round: 3, state: 1, time: 0.065
Round: 4, state: 1, time: 0.033
Round: 5, state: 1, time: 0.025
Round: 6, state: 2, time: 0.000
Round: 7, state: 2, time: 0.000
Round: 8, state: 2, time: 0.000
Time for BFS 51 is 0.146816
TEPS for BFS 51 is 1.82833e+09
Validating BFS 51
Validate time for BFS 51 is 8.521607
asd123www: Running BFS 52
Round: 0, state: 0, time: 0.000
Round: 1, state: 0, time: 0.001
Round: 2, state: 1, time: 0.069
Round: 3, state: 1, time: 0.038
Round: 4, state: 1, time: 0.025
Round: 5, state: 2, time: 0.000
Round: 6, state: 2, time: 0.000
Round: 7, state: 2, time: 0.000
Time for BFS 52 is 0.145381
TEPS for BFS 52 is 1.84639e+09
Validating BFS 52
Validate time for BFS 52 is 8.408249
asd123www: Running BFS 53
Round: 0, state: 0, time: 0.000
Round: 1, state: 0, time: 0.000
Round: 2, state: 0, time: 0.035
Round: 3, state: 1, time: 0.050
Round: 4, state: 1, time: 0.027
Round: 5, state: 1, time: 0.024
Round: 6, state: 2, time: 0.000
Round: 7, state: 2, time: 0.000
Time for BFS 53 is 0.156079
TEPS for BFS 53 is 1.71983e+09
Validating BFS 53
Validate time for BFS 53 is 8.489619
asd123www: Running BFS 54
Round: 0, state: 0, time: 0.000
Round: 1, state: 0, time: 0.001
Round: 2, state: 1, time: 0.070
Round: 3, state: 1, time: 0.037
Round: 4, state: 1, time: 0.025
Round: 5, state: 2, time: 0.000
Round: 6, state: 2, time: 0.000
Round: 7, state: 2, time: 0.000
Time for BFS 54 is 0.144056
TEPS for BFS 54 is 1.86338e+09
Validating BFS 54
Validate time for BFS 54 is 8.422939
asd123www: Running BFS 55
Round: 0, state: 0, time: 0.000
Round: 1, state: 0, time: 0.003
Round: 2, state: 1, time: 0.069
Round: 3, state: 1, time: 0.036
Round: 4, state: 1, time: 0.025
Round: 5, state: 2, time: 0.000
Round: 6, state: 2, time: 0.000
Round: 7, state: 2, time: 0.000
Time for BFS 55 is 0.144797
TEPS for BFS 55 is 1.85384e+09
Validating BFS 55
Validate time for BFS 55 is 8.454308
asd123www: Running BFS 56
Round: 0, state: 0, time: 0.000
Round: 1, state: 0, time: 0.000
Round: 2, state: 1, time: 0.071
Round: 3, state: 1, time: 0.041
Round: 4, state: 1, time: 0.025
Round: 5, state: 2, time: 0.001
Round: 6, state: 2, time: 0.000
Round: 7, state: 2, time: 0.000
Time for BFS 56 is 0.149250
TEPS for BFS 56 is 1.79853e+09
Validating BFS 56
Validate time for BFS 56 is 8.494598
asd123www: Running BFS 57
Round: 0, state: 0, time: 0.000
Round: 1, state: 0, time: 0.001
Round: 2, state: 1, time: 0.069
Round: 3, state: 1, time: 0.039
Round: 4, state: 1, time: 0.025
Round: 5, state: 2, time: 0.000
Round: 6, state: 2, time: 0.000
Round: 7, state: 2, time: 0.000
Time for BFS 57 is 0.146791
TEPS for BFS 57 is 1.82865e+09
Validating BFS 57
Validate time for BFS 57 is 8.410509
asd123www: Running BFS 58
Round: 0, state: 0, time: 0.000
Round: 1, state: 0, time: 0.004
Round: 2, state: 1, time: 0.068
Round: 3, state: 1, time: 0.034
Round: 4, state: 1, time: 0.024
Round: 5, state: 2, time: 0.000
Round: 6, state: 2, time: 0.000
Round: 7, state: 2, time: 0.000
Time for BFS 58 is 0.141665
TEPS for BFS 58 is 1.89481e+09
Validating BFS 58
Validate time for BFS 58 is 8.476718
asd123www: Running BFS 59
Round: 0, state: 0, time: 0.000
Round: 1, state: 0, time: 0.003
Round: 2, state: 1, time: 0.069
Round: 3, state: 1, time: 0.035
Round: 4, state: 1, time: 0.024
Round: 5, state: 2, time: 0.000
Round: 6, state: 2, time: 0.000
Round: 7, state: 2, time: 0.000
Time for BFS 59 is 0.142796
TEPS for BFS 59 is 1.87981e+09
Validating BFS 59
Validate time for BFS 59 is 8.439604
asd123www: Running BFS 60
Round: 0, state: 0, time: 0.000
Round: 1, state: 0, time: 0.000
Round: 2, state: 1, time: 0.071
Round: 3, state: 1, time: 0.041
Round: 4, state: 1, time: 0.025
Round: 5, state: 2, time: 0.001
Round: 6, state: 2, time: 0.000
Round: 7, state: 2, time: 0.000
Time for BFS 60 is 0.149962
TEPS for BFS 60 is 1.78998e+09
Validating BFS 60
Validate time for BFS 60 is 8.508981
asd123www: Running BFS 61
Round: 0, state: 0, time: 0.000
Round: 1, state: 0, time: 0.000
Round: 2, state: 1, time: 0.071
Round: 3, state: 1, time: 0.041
Round: 4, state: 1, time: 0.025
Round: 5, state: 2, time: 0.000
Round: 6, state: 2, time: 0.000
Round: 7, state: 2, time: 0.000
Time for BFS 61 is 0.148148
TEPS for BFS 61 is 1.81191e+09
Validating BFS 61
Validate time for BFS 61 is 8.435097
asd123www: Running BFS 62
Round: 0, state: 0, time: 0.000
Round: 1, state: 0, time: 0.021
Round: 2, state: 1, time: 0.059
Round: 3, state: 1, time: 0.030
Round: 4, state: 1, time: 0.024
Round: 5, state: 2, time: 0.000
Round: 6, state: 2, time: 0.000
Time for BFS 62 is 0.147266
TEPS for BFS 62 is 1.82276e+09
Validating BFS 62
Validate time for BFS 62 is 8.507414
asd123www: Running BFS 63
Round: 0, state: 0, time: 0.000
Round: 1, state: 0, time: 0.005
Round: 2, state: 1, time: 0.069
Round: 3, state: 1, time: 0.035
Round: 4, state: 1, time: 0.025
Round: 5, state: 2, time: 0.000
Round: 6, state: 2, time: 0.000
Round: 7, state: 2, time: 0.000
Time for BFS 63 is 0.144561
TEPS for BFS 63 is 1.85686e+09
Validating BFS 63
Validate time for BFS 63 is 8.405267
SCALE:                          24
edgefactor:                     16
NBFS:                           64
graph_generation:               21.9589
num_mpi_processes:              8
construction_time:              8.1871
bfs  min_time:                  0.135236
bfs  firstquartile_time:        0.144121
bfs  median_time:               0.145937
bfs  thirdquartile_time:        0.151545
bfs  max_time:                  0.239787
bfs  mean_time:                 0.156004
bfs  stddev_time:               0.024623
min_nedge:                      268429687
firstquartile_nedge:            268429687
median_nedge:                   268429687
thirdquartile_nedge:            268429687
max_nedge:                      268429687
mean_nedge:                     268429687
stddev_nedge:                   0
bfs  min_TEPS:                  1.11945e+09
bfs  firstquartile_TEPS:        1.77128e+09
bfs  median_TEPS:               1.83935e+09
bfs  thirdquartile_TEPS:        1.86254e+09
bfs  max_TEPS:                  1.9849e+09
bfs  harmonic_mean_TEPS:     !  1.72066e+09
bfs  harmonic_stddev_TEPS:      3.42161e+07
bfs  min_validate:              8.10208
bfs  firstquartile_validate:    8.30967
bfs  median_validate:           8.42145
bfs  thirdquartile_validate:    8.44357
bfs  max_validate:              8.59557
bfs  mean_validate:             8.37741
bfs  stddev_validate:           0.119847
/var/slurm/d/job160238/slurm_script: line 10: SBATCH: command not found
